Log file open, 12/15/19 20:55:29
LogWindows: Failed to load 'aqProf.dll' (GetLastError=126)
LogWindows: File 'aqProf.dll' does not exist
LogWindows: Failed to load 'VtuneApi.dll' (GetLastError=126)
LogWindows: File 'VtuneApi.dll' does not exist
LogWindows: Failed to load 'VtuneApi32e.dll' (GetLastError=126)
LogWindows: File 'VtuneApi32e.dll' does not exist
LogConsoleResponse: Display: Failed to find resolution value strings in scalability ini. Falling back to default.
LogInit: Display: Running engine for game: ProjectJimbo
LogPakFile: Registered encryption key '00000000000000000000000000000000': 0 pak files mounted, 0 remain pending
LogPlatformFile: Not using cached read wrapper
LogTaskGraph: Started task graph with 5 named threads and 23 total threads with 3 sets of task threads.
LogStats: Stats thread started at 2.902420
LogD3D11RHI: Loaded GFSDK_Aftermath_Lib.x64.dll
LogICUInternationalization: ICU TimeZone Detection - Raw Offset: +12:00, Platform Override: ''
LogPluginManager: Mounting plugin Paper2D
LogPluginManager: Mounting plugin AISupport
LogPluginManager: Mounting plugin LightPropagationVolume
LogPluginManager: Mounting plugin ActorLayerUtilities
LogPluginManager: Mounting plugin AnimationSharing
LogPluginManager: Mounting plugin CLionSourceCodeAccess
LogPluginManager: Mounting plugin CodeLiteSourceCodeAccess
LogPluginManager: Mounting plugin GitSourceControl
LogPluginManager: Mounting plugin KDevelopSourceCodeAccess
LogPluginManager: Mounting plugin NullSourceCodeAccess
LogPluginManager: Mounting plugin PerforceSourceControl
LogPluginManager: Mounting plugin SubversionSourceControl
LogPluginManager: Mounting plugin UObjectPlugin
LogPluginManager: Mounting plugin VisualStudioCodeSourceCodeAccess
LogPluginManager: Mounting plugin VisualStudioSourceCodeAccess
LogPluginManager: Mounting plugin XCodeSourceCodeAccess
LogPluginManager: Mounting plugin AssetManagerEditor
LogPluginManager: Mounting plugin CryptoKeys
LogPluginManager: Mounting plugin DataValidation
LogPluginManager: Mounting plugin FacialAnimation
LogPluginManager: Mounting plugin GameplayTagsEditor
LogPluginManager: Mounting plugin MacGraphicsSwitching
LogPluginManager: Mounting plugin MaterialAnalyzer
LogPluginManager: Mounting plugin MobileLauncherProfileWizard
LogPluginManager: Mounting plugin PluginBrowser
LogPluginManager: Mounting plugin SpeedTreeImporter
LogPluginManager: Mounting plugin DatasmithContent
LogPluginManager: Mounting plugin VariantManagerContent
LogPluginManager: Mounting plugin AlembicImporter
LogPluginManager: Mounting plugin AppleImageUtils
LogPluginManager: Mounting plugin AppleVision
LogPluginManager: Mounting plugin BackChannel
LogPluginManager: Mounting plugin CharacterAI
LogPluginManager: Mounting plugin GeometryCache
LogPluginManager: Mounting plugin HTML5Networking
LogPluginManager: Mounting plugin ProxyLODPlugin
LogPluginManager: Mounting plugin SkeletalReduction
LogPluginManager: Mounting plugin MagicLeap
LogPluginManager: Mounting plugin MagicLeapMedia
LogPluginManager: Mounting plugin AndroidMedia
LogPluginManager: Mounting plugin AvfMedia
LogPluginManager: Mounting plugin ImgMedia
LogPluginManager: Mounting plugin LinearTimecode
LogPluginManager: Mounting plugin MediaCompositing
LogPluginManager: Mounting plugin MediaPlayerEditor
LogPluginManager: Mounting plugin WebMMedia
LogPluginManager: Mounting plugin WmfMedia
LogPluginManager: Mounting plugin TcpMessaging
LogPluginManager: Mounting plugin UdpMessaging
LogPluginManager: Mounting plugin ActorSequence
LogPluginManager: Mounting plugin LevelSequenceEditor
LogPluginManager: Mounting plugin MatineeToLevelSequence
LogPluginManager: Mounting plugin NetcodeUnitTest
LogPluginManager: Mounting plugin NUTUnrealEngine4
LogPluginManager: Mounting plugin OnlineSubsystemGooglePlay
LogPluginManager: Mounting plugin OnlineSubsystemIOS
LogPluginManager: Mounting plugin OnlineSubsystem
LogPluginManager: Mounting plugin OnlineSubsystemNull
LogPluginManager: Mounting plugin OnlineSubsystemUtils
LogPluginManager: Mounting plugin LauncherChunkInstaller
LogPluginManager: Mounting plugin AndroidDeviceProfileSelector
LogPluginManager: Mounting plugin AndroidMoviePlayer
LogPluginManager: Mounting plugin AndroidPermission
LogPluginManager: Mounting plugin AppleMoviePlayer
LogPluginManager: Mounting plugin ArchVisCharacter
LogPluginManager: Mounting plugin AudioCapture
LogPluginManager: Mounting plugin CableComponent
LogPluginManager: Mounting plugin CustomMeshComponent
LogPluginManager: Mounting plugin EditableMesh
LogPluginManager: Mounting plugin ExampleDeviceProfileSelector
LogPluginManager: Mounting plugin Firebase
LogPluginManager: Mounting plugin GoogleCloudMessaging
LogPluginManager: Mounting plugin IOSDeviceProfileSelector
LogPluginManager: Mounting plugin LinuxDeviceProfileSelector
LogPluginManager: Mounting plugin LocationServicesBPLibrary
LogPluginManager: Mounting plugin MobilePatchingUtils
LogPluginManager: Mounting plugin OculusVR
LogPluginManager: Mounting plugin PhysXVehicles
LogPluginManager: Mounting plugin ProceduralMeshComponent
LogPluginManager: Mounting plugin RuntimePhysXCooking
LogPluginManager: Mounting plugin SignificanceManager
LogPluginManager: Mounting plugin SteamVR
LogPluginManager: Mounting plugin WebMMoviePlayer
LogPluginManager: Mounting plugin WindowsMoviePlayer
LogInit: Using libcurl 7.55.1-DEV
LogInit:  - built for x86_64-pc-win32
LogInit:  - supports SSL with OpenSSL/1.1.1
LogInit:  - supports HTTP deflate (compression) using libz 1.2.8
LogInit:  - other features:
LogInit:      CURL_VERSION_SSL
LogInit:      CURL_VERSION_LIBZ
LogInit:      CURL_VERSION_IPV6
LogInit:      CURL_VERSION_ASYNCHDNS
LogInit:      CURL_VERSION_LARGEFILE
LogInit:      CURL_VERSION_IDN
LogInit:  CurlRequestOptions (configurable via config and command line):
LogInit:  - bVerifyPeer = true  - Libcurl will verify peer certificate
LogInit:  - bUseHttpProxy = false  - Libcurl will NOT use HTTP proxy
LogInit:  - bDontReuseConnections = false  - Libcurl will reuse connections
LogInit:  - MaxHostConnections = 16  - Libcurl will limit the number of connections to a host
LogInit:  - LocalHostAddr = Default
LogInit:  - BufferSize = 65536
LogInit: WinSock: version 1.1 (2.2), MaxSocks=32767, MaxUdp=65467
LogInit: Build: ++UE4+Release-4.22-CL-7053642
LogInit: Engine Version: 4.22.3-7053642+++UE4+Release-4.22
LogInit: Compatible Engine Version: 4.22.0-5660361+++UE4+Release-4.22
LogInit: Net CL: 5660361
LogInit: OS: Windows 10 (Release 1903) (), CPU: Intel(R) Core(TM) i7-7700HQ CPU @ 2.80GHz, GPU: Intel(R) HD Graphics 630
LogInit: Compiled (64-bit): Jun 18 2019 03:09:11
LogInit: Compiled with Visual C++: 19.16.27025.01
LogInit: Build Configuration: Development
LogInit: Branch Name: ++UE4+Release-4.22
LogInit: Command Line: 
LogInit: Base Directory: D:/Unreal/UnrealEngine/UE_4.22/Engine/Binaries/Win64/
LogInit: Installed Engine Build: 1
LogDevObjectVersion: Number of dev versions registered: 23
LogDevObjectVersion:   Dev-Blueprints (B0D832E4-1F89-4F0D-ACCF-7EB736FD4AA2): 10
LogDevObjectVersion:   Dev-Build (E1C64328-A22C-4D53-A36C-8E866417BD8C): 0
LogDevObjectVersion:   Dev-Core (375EC13C-06E4-48FB-B500-84F0262A717E): 3
LogDevObjectVersion:   Dev-Editor (E4B068ED-F494-42E9-A231-DA0B2E46BB41): 30
LogDevObjectVersion:   Dev-Framework (CFFC743F-43B0-4480-9391-14DF171D2073): 35
LogDevObjectVersion:   Dev-Mobile (B02B49B5-BB20-44E9-A304-32B752E40360): 2
LogDevObjectVersion:   Dev-Networking (A4E4105C-59A1-49B5-A7C5-40C4547EDFEE): 0
LogDevObjectVersion:   Dev-Online (39C831C9-5AE6-47DC-9A44-9C173E1C8E7C): 0
LogDevObjectVersion:   Dev-Physics (78F01B33-EBEA-4F98-B9B4-84EACCB95AA2): 0
LogDevObjectVersion:   Dev-Platform (6631380F-2D4D-43E0-8009-CF276956A95A): 0
LogDevObjectVersion:   Dev-Rendering (12F88B9F-8875-4AFC-A67C-D90C383ABD29): 28
LogDevObjectVersion:   Dev-Sequencer (7B5AE74C-D270-4C10-A958-57980B212A5A): 11
LogDevObjectVersion:   Dev-VR (D7296918-1DD6-4BDD-9DE2-64A83CC13884): 2
LogDevObjectVersion:   Dev-LoadTimes (C2A15278-BFE7-4AFE-6C17-90FF531DF755): 1
LogDevObjectVersion:   Private-Geometry (6EACA3D4-40EC-4CC1-B786-8BED09428FC5): 3
LogDevObjectVersion:   Dev-AnimPhys (29E575DD-E0A3-4627-9D10-D276232CDCEA): 17
LogDevObjectVersion:   Dev-Anim (AF43A65D-7FD3-4947-9873-3E8ED9C1BB05): 2
LogDevObjectVersion:   Dev-ReflectionCapture (6B266CEC-1EC7-4B8F-A30B-E4D90942FC07): 1
LogDevObjectVersion:   Dev-Automation (0DF73D61-A23F-47EA-B727-89E90C41499A): 1
LogDevObjectVersion:   FortniteMain (601D1886-AC64-4F84-AA16-D3DE0DEAC7D6): 25
LogDevObjectVersion:   Dev-Enterprise (9DFFBCD6-494F-0158-E221-12823C92A888): 6
LogDevObjectVersion:   Dev-Niagara (F2AED0AC-9AFE-416F-8664-AA7FFA26D6FC): 1
LogDevObjectVersion:   Dev-Destruction (174F1F0B-B4C6-45A5-B13F-2EE8D0FB917D): 2
LogInit: Presizing for max 16777216 objects, including 0 objects not considered by GC, pre-allocating 0 bytes for permanent pool.
LogInit: Object subsystem initialized
LogConfig: Setting CVar [[con.DebugEarlyDefault:1]]
LogConfig: Setting CVar [[r.setres:1280x720]]
[2019.12.15-07.55.34:272][  0]LogConfig: Setting CVar [[r.VSync:0]]
[2019.12.15-07.55.34:272][  0]LogConfig: Setting CVar [[r.RHICmdBypass:0]]
[2019.12.15-07.55.34:272][  0]LogConfig: Applying CVar settings from Section [/Script/Engine.RendererSettings] File [D:/Repo's/ProjectJimbo/ProjectJimbo/ProjectJimbo/Saved/Config/Windows/Engine.ini]
[2019.12.15-07.55.34:272][  0]LogConfig: Setting CVar [[r.GPUCrashDebugging:0]]
[2019.12.15-07.55.34:272][  0]LogConfig: Applying CVar settings from Section [/Script/Engine.RendererOverrideSettings] File [D:/Repo's/ProjectJimbo/ProjectJimbo/ProjectJimbo/Saved/Config/Windows/Engine.ini]
[2019.12.15-07.55.34:272][  0]LogConfig: Applying CVar settings from Section [/Script/Engine.StreamingSettings] File [D:/Repo's/ProjectJimbo/ProjectJimbo/ProjectJimbo/Saved/Config/Windows/Engine.ini]
[2019.12.15-07.55.34:272][  0]LogConfig: Setting CVar [[s.MinBulkDataSizeForAsyncLoading:131072]]
[2019.12.15-07.55.34:272][  0]LogConfig: Setting CVar [[s.AsyncLoadingThreadEnabled:0]]
[2019.12.15-07.55.34:272][  0]LogConfig: Setting CVar [[s.EventDrivenLoaderEnabled:1]]
[2019.12.15-07.55.34:272][  0]LogConfig: Setting CVar [[s.WarnIfTimeLimitExceeded:0]]
[2019.12.15-07.55.34:272][  0]LogConfig: Setting CVar [[s.TimeLimitExceededMultiplier:1.5]]
[2019.12.15-07.55.34:272][  0]LogConfig: Setting CVar [[s.TimeLimitExceededMinTime:0.005]]
[2019.12.15-07.55.34:272][  0]LogConfig: Setting CVar [[s.UseBackgroundLevelStreaming:1]]
[2019.12.15-07.55.34:272][  0]LogConfig: Setting CVar [[s.PriorityAsyncLoadingExtraTime:15.0]]
[2019.12.15-07.55.34:272][  0]LogConfig: Setting CVar [[s.LevelStreamingActorsUpdateTimeLimit:5.0]]
[2019.12.15-07.55.34:272][  0]LogConfig: Setting CVar [[s.PriorityLevelStreamingActorsUpdateExtraTime:5.0]]
[2019.12.15-07.55.34:272][  0]LogConfig: Setting CVar [[s.LevelStreamingComponentsRegistrationGranularity:10]]
[2019.12.15-07.55.34:272][  0]LogConfig: Setting CVar [[s.UnregisterComponentsTimeLimit:1.0]]
[2019.12.15-07.55.34:272][  0]LogConfig: Setting CVar [[s.LevelStreamingComponentsUnregistrationGranularity:5]]
[2019.12.15-07.55.34:272][  0]LogConfig: Applying CVar settings from Section [/Script/Engine.GarbageCollectionSettings] File [D:/Repo's/ProjectJimbo/ProjectJimbo/ProjectJimbo/Saved/Config/Windows/Engine.ini]
[2019.12.15-07.55.34:272][  0]LogConfig: Setting CVar [[gc.MaxObjectsNotConsideredByGC:1]]
[2019.12.15-07.55.34:272][  0]LogConfig: Setting CVar [[gc.SizeOfPermanentObjectPool:0]]
[2019.12.15-07.55.34:272][  0]LogConfig: Setting CVar [[gc.FlushStreamingOnGC:0]]
[2019.12.15-07.55.34:272][  0]LogConfig: Setting CVar [[gc.NumRetriesBeforeForcingGC:10]]
[2019.12.15-07.55.34:272][  0]LogConfig: Setting CVar [[gc.AllowParallelGC:1]]
[2019.12.15-07.55.34:272][  0]LogConfig: Setting CVar [[gc.TimeBetweenPurgingPendingKillObjects:61.1]]
[2019.12.15-07.55.34:272][  0]LogConfig: Setting CVar [[gc.MaxObjectsInEditor:16777216]]
[2019.12.15-07.55.34:272][  0]LogConfig: Setting CVar [[gc.IncrementalBeginDestroyEnabled:1]]
[2019.12.15-07.55.34:272][  0]LogConfig: Setting CVar [[gc.CreateGCClusters:1]]
[2019.12.15-07.55.34:272][  0]LogConfig: Setting CVar [[gc.MinGCClusterSize:5]]
[2019.12.15-07.55.34:272][  0]LogConfig: Setting CVar [[gc.ActorClusteringEnabled:0]]
[2019.12.15-07.55.34:272][  0]LogConfig: Setting CVar [[gc.BlueprintClusteringEnabled:0]]
[2019.12.15-07.55.34:272][  0]LogConfig: Setting CVar [[gc.UseDisregardForGCOnDedicatedServers:0]]
[2019.12.15-07.55.34:272][  0]LogConfig: Applying CVar settings from Section [/Script/Engine.NetworkSettings] File [D:/Repo's/ProjectJimbo/ProjectJimbo/ProjectJimbo/Saved/Config/Windows/Engine.ini]
[2019.12.15-07.55.34:272][  0]LogConfig: Applying CVar settings from Section [/Script/UnrealEd.CookerSettings] File [D:/Repo's/ProjectJimbo/ProjectJimbo/ProjectJimbo/Saved/Config/Windows/Engine.ini]
[2019.12.15-07.55.34:355][  0]LogConfig: Applying CVar settings from Section [ViewDistanceQuality@3] File [D:/Repo's/ProjectJimbo/ProjectJimbo/ProjectJimbo/Saved/Config/Windows/Scalability.ini]
[2019.12.15-07.55.34:355][  0]LogConfig: Setting CVar [[r.SkeletalMeshLODBias:0]]
[2019.12.15-07.55.34:355][  0]LogConfig: Setting CVar [[r.ViewDistanceScale:1.0]]
[2019.12.15-07.55.34:355][  0]LogConfig: Applying CVar settings from Section [AntiAliasingQuality@3] File [D:/Repo's/ProjectJimbo/ProjectJimbo/ProjectJimbo/Saved/Config/Windows/Scalability.ini]
[2019.12.15-07.55.34:355][  0]LogConfig: Setting CVar [[r.PostProcessAAQuality:4]]
[2019.12.15-07.55.34:355][  0]LogConfig: Applying CVar settings from Section [ShadowQuality@3] File [D:/Repo's/ProjectJimbo/ProjectJimbo/ProjectJimbo/Saved/Config/Windows/Scalability.ini]
[2019.12.15-07.55.34:355][  0]LogConfig: Setting CVar [[r.LightFunctionQuality:1]]
[2019.12.15-07.55.34:355][  0]LogConfig: Setting CVar [[r.ShadowQuality:5]]
[2019.12.15-07.55.34:355][  0]LogConfig: Setting CVar [[r.Shadow.CSM.MaxCascades:10]]
[2019.12.15-07.55.34:355][  0]LogConfig: Setting CVar [[r.Shadow.MaxResolution:2048]]
[2019.12.15-07.55.34:355][  0]LogConfig: Setting CVar [[r.Shadow.MaxCSMResolution:2048]]
[2019.12.15-07.55.34:355][  0]LogConfig: Setting CVar [[r.Shadow.RadiusThreshold:0.01]]
[2019.12.15-07.55.34:355][  0]LogConfig: Setting CVar [[r.Shadow.DistanceScale:1.0]]
[2019.12.15-07.55.34:355][  0]LogConfig: Setting CVar [[r.Shadow.CSM.TransitionScale:1.0]]
[2019.12.15-07.55.34:355][  0]LogConfig: Setting CVar [[r.Shadow.PreShadowResolutionFactor:1.0]]
[2019.12.15-07.55.34:355][  0]LogConfig: Setting CVar [[r.DistanceFieldShadowing:1]]
[2019.12.15-07.55.34:355][  0]LogConfig: Setting CVar [[r.DistanceFieldAO:1]]
[2019.12.15-07.55.34:355][  0]LogConfig: Setting CVar [[r.AOQuality:2]]
[2019.12.15-07.55.34:355][  0]LogConfig: Setting CVar [[r.VolumetricFog:1]]
[2019.12.15-07.55.34:355][  0]LogConfig: Setting CVar [[r.VolumetricFog.GridPixelSize:8]]
[2019.12.15-07.55.34:356][  0]LogConfig: Setting CVar [[r.VolumetricFog.GridSizeZ:128]]
[2019.12.15-07.55.34:356][  0]LogConfig: Setting CVar [[r.VolumetricFog.HistoryMissSupersampleCount:4]]
[2019.12.15-07.55.34:356][  0]LogConfig: Setting CVar [[r.LightMaxDrawDistanceScale:1]]
[2019.12.15-07.55.34:356][  0]LogConfig: Setting CVar [[r.CapsuleShadows:1]]
[2019.12.15-07.55.34:356][  0]LogConfig: Applying CVar settings from Section [PostProcessQuality@3] File [D:/Repo's/ProjectJimbo/ProjectJimbo/ProjectJimbo/Saved/Config/Windows/Scalability.ini]
[2019.12.15-07.55.34:356][  0]LogConfig: Setting CVar [[r.MotionBlurQuality:4]]
[2019.12.15-07.55.34:356][  0]LogConfig: Setting CVar [[r.AmbientOcclusionMipLevelFactor:0.4]]
[2019.12.15-07.55.34:356][  0]LogConfig: Setting CVar [[r.AmbientOcclusionMaxQuality:100]]
[2019.12.15-07.55.34:356][  0]LogConfig: Setting CVar [[r.AmbientOcclusionLevels:-1]]
[2019.12.15-07.55.34:356][  0]LogConfig: Setting CVar [[r.AmbientOcclusionRadiusScale:1.0]]
[2019.12.15-07.55.34:356][  0]LogConfig: Setting CVar [[r.DepthOfFieldQuality:2]]
[2019.12.15-07.55.34:356][  0]LogConfig: Setting CVar [[r.RenderTargetPoolMin:400]]
[2019.12.15-07.55.34:356][  0]LogConfig: Setting CVar [[r.LensFlareQuality:2]]
[2019.12.15-07.55.34:356][  0]LogConfig: Setting CVar [[r.SceneColorFringeQuality:1]]
[2019.12.15-07.55.34:356][  0]LogConfig: Setting CVar [[r.EyeAdaptationQuality:2]]
[2019.12.15-07.55.34:356][  0]LogConfig: Setting CVar [[r.BloomQuality:5]]
[2019.12.15-07.55.34:356][  0]LogConfig: Setting CVar [[r.FastBlurThreshold:100]]
[2019.12.15-07.55.34:356][  0]LogConfig: Setting CVar [[r.Upscale.Quality:3]]
[2019.12.15-07.55.34:356][  0]LogConfig: Setting CVar [[r.Tonemapper.GrainQuantization:1]]
[2019.12.15-07.55.34:356][  0]LogConfig: Setting CVar [[r.LightShaftQuality:1]]
[2019.12.15-07.55.34:356][  0]LogConfig: Setting CVar [[r.Filter.SizeScale:1]]
[2019.12.15-07.55.34:356][  0]LogConfig: Setting CVar [[r.Tonemapper.Quality:5]]
[2019.12.15-07.55.34:356][  0]LogConfig: Setting CVar [[r.DOF.Gather.AccumulatorQuality:1        ; higher gathering accumulator quality]]
[2019.12.15-07.55.34:356][  0]LogConfig: Setting CVar [[r.DOF.Gather.PostfilterMethod:1          ; Median3x3 postfilering method]]
[2019.12.15-07.55.34:356][  0]LogConfig: Setting CVar [[r.DOF.Gather.EnableBokehSettings:0       ; no bokeh simulation when gathering]]
[2019.12.15-07.55.34:356][  0]LogConfig: Setting CVar [[r.DOF.Gather.RingCount:4                 ; medium number of samples when gathering]]
[2019.12.15-07.55.34:356][  0]LogConfig: Setting CVar [[r.DOF.Scatter.ForegroundCompositing:1    ; additive foreground scattering]]
[2019.12.15-07.55.34:356][  0]LogConfig: Setting CVar [[r.DOF.Scatter.BackgroundCompositing:2    ; additive background scattering]]
[2019.12.15-07.55.34:356][  0]LogConfig: Setting CVar [[r.DOF.Scatter.EnableBokehSettings:1      ; bokeh simulation when scattering]]
[2019.12.15-07.55.34:356][  0]LogConfig: Setting CVar [[r.DOF.Scatter.MaxSpriteRatio:0.1         ; only a maximum of 10% of scattered bokeh]]
[2019.12.15-07.55.34:356][  0]LogConfig: Setting CVar [[r.DOF.Recombine.Quality:1                ; cheap slight out of focus]]
[2019.12.15-07.55.34:356][  0]LogConfig: Setting CVar [[r.DOF.Recombine.EnableBokehSettings:0    ; no bokeh simulation on slight out of focus]]
[2019.12.15-07.55.34:356][  0]LogConfig: Setting CVar [[r.DOF.TemporalAAQuality:1                ; more stable temporal accumulation]]
[2019.12.15-07.55.34:356][  0]LogConfig: Setting CVar [[r.DOF.Kernel.MaxForegroundRadius:0.025]]
[2019.12.15-07.55.34:356][  0]LogConfig: Setting CVar [[r.DOF.Kernel.MaxBackgroundRadius:0.025]]
[2019.12.15-07.55.34:356][  0]LogConfig: Applying CVar settings from Section [TextureQuality@3] File [D:/Repo's/ProjectJimbo/ProjectJimbo/ProjectJimbo/Saved/Config/Windows/Scalability.ini]
[2019.12.15-07.55.34:356][  0]LogConfig: Setting CVar [[r.Streaming.MipBias:0]]
[2019.12.15-07.55.34:356][  0]LogConfig: Setting CVar [[r.Streaming.AmortizeCPUToGPUCopy:0]]
[2019.12.15-07.55.34:356][  0]LogConfig: Setting CVar [[r.Streaming.MaxNumTexturesToStreamPerFrame:0]]
[2019.12.15-07.55.34:356][  0]LogConfig: Setting CVar [[r.Streaming.Boost:1]]
[2019.12.15-07.55.34:356][  0]LogConfig: Setting CVar [[r.MaxAnisotropy:8]]
[2019.12.15-07.55.34:356][  0]LogConfig: Setting CVar [[r.Streaming.LimitPoolSizeToVRAM:0]]
[2019.12.15-07.55.34:356][  0]LogConfig: Setting CVar [[r.Streaming.PoolSize:1000]]
[2019.12.15-07.55.34:356][  0]LogConfig: Setting CVar [[r.Streaming.MaxEffectiveScreenSize:0]]
[2019.12.15-07.55.34:356][  0]LogConfig: Applying CVar settings from Section [EffectsQuality@3] File [D:/Repo's/ProjectJimbo/ProjectJimbo/ProjectJimbo/Saved/Config/Windows/Scalability.ini]
[2019.12.15-07.55.34:356][  0]LogConfig: Setting CVar [[r.TranslucencyLightingVolumeDim:64]]
[2019.12.15-07.55.34:356][  0]LogConfig: Setting CVar [[r.RefractionQuality:2]]
[2019.12.15-07.55.34:356][  0]LogConfig: Setting CVar [[r.SSR.Quality:3]]
[2019.12.15-07.55.34:356][  0]LogConfig: Setting CVar [[r.SceneColorFormat:4]]
[2019.12.15-07.55.34:356][  0]LogConfig: Setting CVar [[r.DetailMode:2]]
[2019.12.15-07.55.34:356][  0]LogConfig: Setting CVar [[r.TranslucencyVolumeBlur:1]]
[2019.12.15-07.55.34:356][  0]LogConfig: Setting CVar [[r.MaterialQualityLevel:1 ; High quality]]
[2019.12.15-07.55.34:356][  0]LogConfig: Setting CVar [[r.SSS.Scale:1]]
[2019.12.15-07.55.34:356][  0]LogConfig: Setting CVar [[r.SSS.SampleSet:2]]
[2019.12.15-07.55.34:356][  0]LogConfig: Setting CVar [[r.SSS.Quality:1]]
[2019.12.15-07.55.34:356][  0]LogConfig: Setting CVar [[r.SSS.HalfRes:1]]
[2019.12.15-07.55.34:356][  0]LogConfig: Setting CVar [[r.EmitterSpawnRateScale:1.0]]
[2019.12.15-07.55.34:356][  0]LogConfig: Setting CVar [[r.ParticleLightQuality:2]]
[2019.12.15-07.55.34:356][  0]LogConfig: Applying CVar settings from Section [FoliageQuality@3] File [D:/Repo's/ProjectJimbo/ProjectJimbo/ProjectJimbo/Saved/Config/Windows/Scalability.ini]
[2019.12.15-07.55.34:356][  0]LogConfig: Setting CVar [[foliage.DensityScale:1.0]]
[2019.12.15-07.55.34:356][  0]LogConfig: Setting CVar [[grass.DensityScale:1.0]]
[2019.12.15-07.55.34:372][  0]LogInit: Selected Device Profile: [Windows]
[2019.12.15-07.55.34:372][  0]LogInit: Applying CVar settings loaded from the selected device profile: [Windows]
[2019.12.15-07.55.34:490][  0]LogHAL: Display: Platform has ~ 16 GB [17023537152 / 17179869184 / 16], which maps to Larger [LargestMinGB=32, LargerMinGB=12, DefaultMinGB=8, SmallerMinGB=6, SmallestMinGB=0)
[2019.12.15-07.55.34:491][  0]LogConfig: Setting CVar [[r.Vulkan.UseRealUBs:0		; Required until we fix HLR fall-out]]
[2019.12.15-07.55.34:491][  0]LogInit: Going up to parent DeviceProfile []
[2019.12.15-07.55.34:505][  0]LogConfig: Applying CVar settings from Section [ViewDistanceQuality@3] File [D:/Repo's/ProjectJimbo/ProjectJimbo/ProjectJimbo/Saved/Config/Windows/Scalability.ini]
[2019.12.15-07.55.34:505][  0]LogConfig: Setting CVar [[r.SkeletalMeshLODBias:0]]
[2019.12.15-07.55.34:505][  0]LogConfig: Setting CVar [[r.ViewDistanceScale:1.0]]
[2019.12.15-07.55.34:505][  0]LogConfig: Applying CVar settings from Section [AntiAliasingQuality@3] File [D:/Repo's/ProjectJimbo/ProjectJimbo/ProjectJimbo/Saved/Config/Windows/Scalability.ini]
[2019.12.15-07.55.34:505][  0]LogConfig: Setting CVar [[r.PostProcessAAQuality:4]]
[2019.12.15-07.55.34:505][  0]LogConfig: Applying CVar settings from Section [ShadowQuality@3] File [D:/Repo's/ProjectJimbo/ProjectJimbo/ProjectJimbo/Saved/Config/Windows/Scalability.ini]
[2019.12.15-07.55.34:505][  0]LogConfig: Setting CVar [[r.LightFunctionQuality:1]]
[2019.12.15-07.55.34:505][  0]LogConfig: Setting CVar [[r.ShadowQuality:5]]
[2019.12.15-07.55.34:505][  0]LogConfig: Setting CVar [[r.Shadow.CSM.MaxCascades:10]]
[2019.12.15-07.55.34:505][  0]LogConfig: Setting CVar [[r.Shadow.MaxResolution:2048]]
[2019.12.15-07.55.34:505][  0]LogConfig: Setting CVar [[r.Shadow.MaxCSMResolution:2048]]
[2019.12.15-07.55.34:505][  0]LogConfig: Setting CVar [[r.Shadow.RadiusThreshold:0.01]]
[2019.12.15-07.55.34:505][  0]LogConfig: Setting CVar [[r.Shadow.DistanceScale:1.0]]
[2019.12.15-07.55.34:505][  0]LogConfig: Setting CVar [[r.Shadow.CSM.TransitionScale:1.0]]
[2019.12.15-07.55.34:505][  0]LogConfig: Setting CVar [[r.Shadow.PreShadowResolutionFactor:1.0]]
[2019.12.15-07.55.34:505][  0]LogConfig: Setting CVar [[r.DistanceFieldShadowing:1]]
[2019.12.15-07.55.34:505][  0]LogConfig: Setting CVar [[r.DistanceFieldAO:1]]
[2019.12.15-07.55.34:505][  0]LogConfig: Setting CVar [[r.AOQuality:2]]
[2019.12.15-07.55.34:505][  0]LogConfig: Setting CVar [[r.VolumetricFog:1]]
[2019.12.15-07.55.34:505][  0]LogConfig: Setting CVar [[r.VolumetricFog.GridPixelSize:8]]
[2019.12.15-07.55.34:505][  0]LogConfig: Setting CVar [[r.VolumetricFog.GridSizeZ:128]]
[2019.12.15-07.55.34:505][  0]LogConfig: Setting CVar [[r.VolumetricFog.HistoryMissSupersampleCount:4]]
[2019.12.15-07.55.34:505][  0]LogConfig: Setting CVar [[r.LightMaxDrawDistanceScale:1]]
[2019.12.15-07.55.34:506][  0]LogConfig: Setting CVar [[r.CapsuleShadows:1]]
[2019.12.15-07.55.34:506][  0]LogConfig: Applying CVar settings from Section [PostProcessQuality@3] File [D:/Repo's/ProjectJimbo/ProjectJimbo/ProjectJimbo/Saved/Config/Windows/Scalability.ini]
[2019.12.15-07.55.34:506][  0]LogConfig: Setting CVar [[r.MotionBlurQuality:4]]
[2019.12.15-07.55.34:506][  0]LogConfig: Setting CVar [[r.AmbientOcclusionMipLevelFactor:0.4]]
[2019.12.15-07.55.34:506][  0]LogConfig: Setting CVar [[r.AmbientOcclusionMaxQuality:100]]
[2019.12.15-07.55.34:506][  0]LogConfig: Setting CVar [[r.AmbientOcclusionLevels:-1]]
[2019.12.15-07.55.34:506][  0]LogConfig: Setting CVar [[r.AmbientOcclusionRadiusScale:1.0]]
[2019.12.15-07.55.34:506][  0]LogConfig: Setting CVar [[r.DepthOfFieldQuality:2]]
[2019.12.15-07.55.34:506][  0]LogConfig: Setting CVar [[r.RenderTargetPoolMin:400]]
[2019.12.15-07.55.34:506][  0]LogConfig: Setting CVar [[r.LensFlareQuality:2]]
[2019.12.15-07.55.34:506][  0]LogConfig: Setting CVar [[r.SceneColorFringeQuality:1]]
[2019.12.15-07.55.34:506][  0]LogConfig: Setting CVar [[r.EyeAdaptationQuality:2]]
[2019.12.15-07.55.34:506][  0]LogConfig: Setting CVar [[r.BloomQuality:5]]
[2019.12.15-07.55.34:506][  0]LogConfig: Setting CVar [[r.FastBlurThreshold:100]]
[2019.12.15-07.55.34:506][  0]LogConfig: Setting CVar [[r.Upscale.Quality:3]]
[2019.12.15-07.55.34:506][  0]LogConfig: Setting CVar [[r.Tonemapper.GrainQuantization:1]]
[2019.12.15-07.55.34:506][  0]LogConfig: Setting CVar [[r.LightShaftQuality:1]]
[2019.12.15-07.55.34:506][  0]LogConfig: Setting CVar [[r.Filter.SizeScale:1]]
[2019.12.15-07.55.34:506][  0]LogConfig: Setting CVar [[r.Tonemapper.Quality:5]]
[2019.12.15-07.55.34:506][  0]LogConfig: Setting CVar [[r.DOF.Gather.AccumulatorQuality:1        ; higher gathering accumulator quality]]
[2019.12.15-07.55.34:506][  0]LogConfig: Setting CVar [[r.DOF.Gather.PostfilterMethod:1          ; Median3x3 postfilering method]]
[2019.12.15-07.55.34:506][  0]LogConfig: Setting CVar [[r.DOF.Gather.EnableBokehSettings:0       ; no bokeh simulation when gathering]]
[2019.12.15-07.55.34:506][  0]LogConfig: Setting CVar [[r.DOF.Gather.RingCount:4                 ; medium number of samples when gathering]]
[2019.12.15-07.55.34:506][  0]LogConfig: Setting CVar [[r.DOF.Scatter.ForegroundCompositing:1    ; additive foreground scattering]]
[2019.12.15-07.55.34:506][  0]LogConfig: Setting CVar [[r.DOF.Scatter.BackgroundCompositing:2    ; additive background scattering]]
[2019.12.15-07.55.34:506][  0]LogConfig: Setting CVar [[r.DOF.Scatter.EnableBokehSettings:1      ; bokeh simulation when scattering]]
[2019.12.15-07.55.34:506][  0]LogConfig: Setting CVar [[r.DOF.Scatter.MaxSpriteRatio:0.1         ; only a maximum of 10% of scattered bokeh]]
[2019.12.15-07.55.34:506][  0]LogConfig: Setting CVar [[r.DOF.Recombine.Quality:1                ; cheap slight out of focus]]
[2019.12.15-07.55.34:506][  0]LogConfig: Setting CVar [[r.DOF.Recombine.EnableBokehSettings:0    ; no bokeh simulation on slight out of focus]]
[2019.12.15-07.55.34:506][  0]LogConfig: Setting CVar [[r.DOF.TemporalAAQuality:1                ; more stable temporal accumulation]]
[2019.12.15-07.55.34:506][  0]LogConfig: Setting CVar [[r.DOF.Kernel.MaxForegroundRadius:0.025]]
[2019.12.15-07.55.34:506][  0]LogConfig: Setting CVar [[r.DOF.Kernel.MaxBackgroundRadius:0.025]]
[2019.12.15-07.55.34:506][  0]LogConfig: Applying CVar settings from Section [TextureQuality@3] File [D:/Repo's/ProjectJimbo/ProjectJimbo/ProjectJimbo/Saved/Config/Windows/Scalability.ini]
[2019.12.15-07.55.34:506][  0]LogConfig: Setting CVar [[r.Streaming.MipBias:0]]
[2019.12.15-07.55.34:506][  0]LogConfig: Setting CVar [[r.Streaming.AmortizeCPUToGPUCopy:0]]
[2019.12.15-07.55.34:506][  0]LogConfig: Setting CVar [[r.Streaming.MaxNumTexturesToStreamPerFrame:0]]
[2019.12.15-07.55.34:506][  0]LogConfig: Setting CVar [[r.Streaming.Boost:1]]
[2019.12.15-07.55.34:506][  0]LogConfig: Setting CVar [[r.MaxAnisotropy:8]]
[2019.12.15-07.55.34:506][  0]LogConfig: Setting CVar [[r.Streaming.LimitPoolSizeToVRAM:0]]
[2019.12.15-07.55.34:506][  0]LogConfig: Setting CVar [[r.Streaming.PoolSize:1000]]
[2019.12.15-07.55.34:506][  0]LogConfig: Setting CVar [[r.Streaming.MaxEffectiveScreenSize:0]]
[2019.12.15-07.55.34:506][  0]LogConfig: Applying CVar settings from Section [EffectsQuality@3] File [D:/Repo's/ProjectJimbo/ProjectJimbo/ProjectJimbo/Saved/Config/Windows/Scalability.ini]
[2019.12.15-07.55.34:506][  0]LogConfig: Setting CVar [[r.TranslucencyLightingVolumeDim:64]]
[2019.12.15-07.55.34:506][  0]LogConfig: Setting CVar [[r.RefractionQuality:2]]
[2019.12.15-07.55.34:506][  0]LogConfig: Setting CVar [[r.SSR.Quality:3]]
[2019.12.15-07.55.34:506][  0]LogConfig: Setting CVar [[r.SceneColorFormat:4]]
[2019.12.15-07.55.34:506][  0]LogConfig: Setting CVar [[r.DetailMode:2]]
[2019.12.15-07.55.34:506][  0]LogConfig: Setting CVar [[r.TranslucencyVolumeBlur:1]]
[2019.12.15-07.55.34:506][  0]LogConfig: Setting CVar [[r.MaterialQualityLevel:1 ; High quality]]
[2019.12.15-07.55.34:506][  0]LogConfig: Setting CVar [[r.SSS.Scale:1]]
[2019.12.15-07.55.34:506][  0]LogConfig: Setting CVar [[r.SSS.SampleSet:2]]
[2019.12.15-07.55.34:506][  0]LogConfig: Setting CVar [[r.SSS.Quality:1]]
[2019.12.15-07.55.34:506][  0]LogConfig: Setting CVar [[r.SSS.HalfRes:1]]
[2019.12.15-07.55.34:506][  0]LogConfig: Setting CVar [[r.EmitterSpawnRateScale:1.0]]
[2019.12.15-07.55.34:506][  0]LogConfig: Setting CVar [[r.ParticleLightQuality:2]]
[2019.12.15-07.55.34:506][  0]LogConfig: Applying CVar settings from Section [FoliageQuality@3] File [D:/Repo's/ProjectJimbo/ProjectJimbo/ProjectJimbo/Saved/Config/Windows/Scalability.ini]
[2019.12.15-07.55.34:506][  0]LogConfig: Setting CVar [[foliage.DensityScale:1.0]]
[2019.12.15-07.55.34:506][  0]LogConfig: Setting CVar [[grass.DensityScale:1.0]]
[2019.12.15-07.55.34:506][  0]LogConfig: Applying CVar settings from Section [Startup] File [../../../Engine/Config/ConsoleVariables.ini]
[2019.12.15-07.55.34:514][  0]LogConfig: Setting CVar [[net.UseAdaptiveNetUpdateFrequency:0]]
[2019.12.15-07.55.34:514][  0]LogConfig: Setting CVar [[p.chaos.AllowCreatePhysxBodies:1]]
[2019.12.15-07.55.34:514][  0]LogConfig: Applying CVar settings from Section [ConsoleVariables] File [D:/Repo's/ProjectJimbo/ProjectJimbo/ProjectJimbo/Saved/Config/Windows/Engine.ini]
[2019.12.15-07.55.34:539][  0]LogInit: Computer: DESKTOP-JL6J8DP
[2019.12.15-07.55.34:539][  0]LogInit: User: aaron
[2019.12.15-07.55.34:539][  0]LogInit: CPU Page size=4096, Cores=4
[2019.12.15-07.55.34:539][  0]LogInit: High frequency timer resolution =10.000000 MHz
[2019.12.15-07.55.34:539][  0]LogMemory: Memory total: Physical=15.9GB (16GB approx)
[2019.12.15-07.55.34:539][  0]LogMemory: Platform Memory Stats for Windows
[2019.12.15-07.55.34:539][  0]LogMemory: Process Physical Memory: 96.05 MB used, 96.06 MB peak
[2019.12.15-07.55.34:539][  0]LogMemory: Process Virtual Memory: 90.40 MB used, 90.40 MB peak
[2019.12.15-07.55.34:539][  0]LogMemory: Physical Memory: 6071.81 MB used,  10163.10 MB free, 16234.91 MB total
[2019.12.15-07.55.34:539][  0]LogMemory: Virtual Memory: 4643.82 MB used,  134213088.00 MB free, 134217728.00 MB total
[2019.12.15-07.55.36:107][  0]LogInit: Using OS detected language (en-US).
[2019.12.15-07.55.36:107][  0]LogInit: Using OS detected locale (en-NZ).
[2019.12.15-07.55.36:253][  0]LogTextLocalizationManager: No specific localization for 'en-US' exists, so the 'en' localization will be used.
[2019.12.15-07.55.38:880][  0]LogInit: Setting process to per monitor DPI aware
[2019.12.15-07.55.39:982][  0]LogSlate: New Slate User Created.  User Index 0, Is Virtual User: 0
[2019.12.15-07.55.39:982][  0]LogSlate: Slate User Registered.  User Index 0, Is Virtual User: 0
[2019.12.15-07.55.43:914][  0]LogHMD: Failed to initialize OpenVR with code 110
[2019.12.15-07.55.43:914][  0]LogD3D11RHI: D3D11 adapters:
[2019.12.15-07.55.44:014][  0]LogD3D11RHI:    0. 'NVIDIA GeForce GTX 950M' (Feature Level 11_0)
[2019.12.15-07.55.44:014][  0]LogD3D11RHI:       2010/0/8117 MB DedicatedVideo/DedicatedSystem/SharedSystem, Outputs:1, VendorId:0x10de
[2019.12.15-07.55.44:037][  0]LogD3D11RHI:    1. 'Intel(R) HD Graphics 630' (Feature Level 11_0)
[2019.12.15-07.55.44:037][  0]LogD3D11RHI:       128/0/8117 MB DedicatedVideo/DedicatedSystem/SharedSystem, Outputs:0, VendorId:0x8086
[2019.12.15-07.55.44:046][  0]LogD3D11RHI:    2. 'Microsoft Basic Render Driver' (Feature Level 11_0)
[2019.12.15-07.55.44:046][  0]LogD3D11RHI:       0/0/8117 MB DedicatedVideo/DedicatedSystem/SharedSystem, Outputs:0, VendorId:0x1414
[2019.12.15-07.55.44:046][  0]LogD3D11RHI: Chosen D3D11 Adapter: 0
[2019.12.15-07.55.44:087][  0]LogD3D11RHI: Creating new Direct3DDevice
[2019.12.15-07.55.44:087][  0]LogD3D11RHI:     GPU DeviceId: 0x139a (for the marketing name, search the web for "GPU Device Id")
[2019.12.15-07.55.44:087][  0]LogWindows: EnumDisplayDevices:
[2019.12.15-07.55.44:088][  0]LogWindows:    0. 'Intel(R) HD Graphics 630' (P:1 D:1)
[2019.12.15-07.55.44:088][  0]LogWindows:    1. 'Intel(R) HD Graphics 630' (P:0 D:0)
[2019.12.15-07.55.44:089][  0]LogWindows:    2. 'Intel(R) HD Graphics 630' (P:0 D:0)
[2019.12.15-07.55.44:089][  0]LogWindows: DebugString: PrimaryIsNotTheChoosenAdapter PrimaryIsNotTheChoosenAdapter PrimaryIsNotTheChoosenAdapter FoundDriverCount:0 
[2019.12.15-07.55.44:090][  0]LogD3D11RHI:     Adapter Name: NVIDIA GeForce GTX 950M
[2019.12.15-07.55.44:090][  0]LogD3D11RHI:   Driver Version: Unknown (internal:Unknown, unified:Unknown)
[2019.12.15-07.55.44:090][  0]LogD3D11RHI:      Driver Date: Unknown
[2019.12.15-07.55.44:090][  0]LogRHI: Texture pool is 1407 MB (70% of 2010 MB)
[2019.12.15-07.55.44:153][  0]LogD3D11RHI: Async texture creation enabled
[2019.12.15-07.55.44:342][  0]LogRendererCore: FGlobalReadBuffer::InitRHI
[2019.12.15-07.55.44:349][  0]LogRendererCore: FGlobalReadBuffer::InitRHI
[2019.12.15-07.55.44:349][  0]LogRendererCore: FGlobalReadBuffer::InitRHI
[2019.12.15-07.55.44:383][  0]LogD3D11RHI: GPU Timing Frequency: 1000.000000 (Debug: 2 1)
[2019.12.15-07.55.45:462][  0]LogTemp: Display: Module 'AllDesktopTargetPlatform' loaded TargetPlatform 'AllDesktop'
[2019.12.15-07.55.45:514][  0]LogTemp: Display: Module 'MacClientTargetPlatform' loaded TargetPlatform 'MacClient'
[2019.12.15-07.55.45:541][  0]LogTemp: Display: Module 'MacNoEditorTargetPlatform' loaded TargetPlatform 'MacNoEditor'
[2019.12.15-07.55.45:585][  0]LogTemp: Display: Module 'MacServerTargetPlatform' loaded TargetPlatform 'MacServer'
[2019.12.15-07.55.45:647][  0]LogTemp: Display: Module 'MacTargetPlatform' loaded TargetPlatform 'Mac'
[2019.12.15-07.55.45:689][  0]LogTemp: Display: Module 'WindowsClientTargetPlatform' loaded TargetPlatform 'WindowsClient'
[2019.12.15-07.55.45:725][  0]LogTemp: Display: Module 'WindowsNoEditorTargetPlatform' loaded TargetPlatform 'WindowsNoEditor'
[2019.12.15-07.55.45:759][  0]LogTemp: Display: Module 'WindowsServerTargetPlatform' loaded TargetPlatform 'WindowsServer'
[2019.12.15-07.55.45:785][  0]LogTemp: Display: Module 'WindowsTargetPlatform' loaded TargetPlatform 'Windows'
[2019.12.15-07.55.45:934][  0]LogTemp: Display: Module 'AndroidTargetPlatform' loaded TargetPlatform 'Android'
[2019.12.15-07.55.45:934][  0]LogTemp: Display: Module 'AndroidTargetPlatform' loaded TargetPlatform 'Android_ASTC'
[2019.12.15-07.55.45:934][  0]LogTemp: Display: Module 'AndroidTargetPlatform' loaded TargetPlatform 'Android_ATC'
[2019.12.15-07.55.45:934][  0]LogTemp: Display: Module 'AndroidTargetPlatform' loaded TargetPlatform 'Android_DXT'
[2019.12.15-07.55.45:934][  0]LogTemp: Display: Module 'AndroidTargetPlatform' loaded TargetPlatform 'Android_ETC1'
[2019.12.15-07.55.45:934][  0]LogTemp: Display: Module 'AndroidTargetPlatform' loaded TargetPlatform 'Android_ETC1a'
[2019.12.15-07.55.45:934][  0]LogTemp: Display: Module 'AndroidTargetPlatform' loaded TargetPlatform 'Android_ETC2'
[2019.12.15-07.55.45:934][  0]LogTemp: Display: Module 'AndroidTargetPlatform' loaded TargetPlatform 'Android_PVRTC'
[2019.12.15-07.55.45:934][  0]LogTemp: Display: Module 'AndroidTargetPlatform' loaded TargetPlatform 'AndroidClient'
[2019.12.15-07.55.45:934][  0]LogTemp: Display: Module 'AndroidTargetPlatform' loaded TargetPlatform 'Android_ASTCClient'
[2019.12.15-07.55.45:934][  0]LogTemp: Display: Module 'AndroidTargetPlatform' loaded TargetPlatform 'Android_ATCClient'
[2019.12.15-07.55.45:934][  0]LogTemp: Display: Module 'AndroidTargetPlatform' loaded TargetPlatform 'Android_DXTClient'
[2019.12.15-07.55.45:934][  0]LogTemp: Display: Module 'AndroidTargetPlatform' loaded TargetPlatform 'Android_ETC1Client'
[2019.12.15-07.55.45:934][  0]LogTemp: Display: Module 'AndroidTargetPlatform' loaded TargetPlatform 'Android_ETC1aClient'
[2019.12.15-07.55.45:934][  0]LogTemp: Display: Module 'AndroidTargetPlatform' loaded TargetPlatform 'Android_ETC2Client'
[2019.12.15-07.55.45:934][  0]LogTemp: Display: Module 'AndroidTargetPlatform' loaded TargetPlatform 'Android_PVRTCClient'
[2019.12.15-07.55.45:934][  0]LogTemp: Display: Module 'AndroidTargetPlatform' loaded TargetPlatform 'Android_Multi'
[2019.12.15-07.55.45:934][  0]LogTemp: Display: Module 'AndroidTargetPlatform' loaded TargetPlatform 'Android_MultiClient'
[2019.12.15-07.55.45:971][  0]LogTemp: Display: Module 'HTML5TargetPlatform' loaded TargetPlatform 'HTML5'
[2019.12.15-07.55.46:141][  0]LogTemp: Display: Module 'IOSTargetPlatform' loaded TargetPlatform 'IOSClient'
[2019.12.15-07.55.46:141][  0]LogTemp: Display: Module 'IOSTargetPlatform' loaded TargetPlatform 'IOS'
[2019.12.15-07.55.46:188][  0]LogTemp: Display: Module 'TVOSTargetPlatform' loaded TargetPlatform 'TVOSClient'
[2019.12.15-07.55.46:188][  0]LogTemp: Display: Module 'TVOSTargetPlatform' loaded TargetPlatform 'TVOS'
[2019.12.15-07.55.46:223][  0]LogTemp: Display: Module 'LinuxClientTargetPlatform' loaded TargetPlatform 'LinuxClient'
[2019.12.15-07.55.46:250][  0]LogTemp: Display: Module 'LinuxNoEditorTargetPlatform' loaded TargetPlatform 'LinuxNoEditor'
[2019.12.15-07.55.46:296][  0]LogTemp: Display: Module 'LinuxServerTargetPlatform' loaded TargetPlatform 'LinuxServer'
[2019.12.15-07.55.46:333][  0]LogTemp: Display: Module 'LinuxTargetPlatform' loaded TargetPlatform 'Linux'
[2019.12.15-07.55.46:412][  0]LogTemp: Display: Module 'LuminTargetPlatform' loaded TargetPlatform 'Lumin'
[2019.12.15-07.55.46:412][  0]LogTemp: Display: Module 'LuminTargetPlatform' loaded TargetPlatform 'LuminClient'
[2019.12.15-07.55.46:412][  0]LogTargetPlatformManager: Display: Building Assets For Windows
[2019.12.15-07.55.46:597][  0]LogAudioDebug: Display: Lib vorbis DLL was dynamically loaded.
[2019.12.15-07.55.47:892][  0]LogShaderCompilers: Guid format shader working directory is -17 characters bigger than the processId version (../../../../../../Repo's/ProjectJimbo/ProjectJimbo/ProjectJimbo/Intermediate/Shaders/WorkingDirectory/8136/).
[2019.12.15-07.55.47:892][  0]LogShaderCompilers: Cleaned the shader compiler working directory 'C:/Users/aaron/AppData/Local/Temp/UnrealShaderWorkingDir/82EB31404D8ACFC9A20C5F8294528DD1/'.
[2019.12.15-07.55.47:939][  0]LogXGEController: Cleaning working directory: C:/Users/aaron/AppData/Local/Temp/UnrealXGEWorkingDir/
[2019.12.15-07.55.47:939][  0]LogXGEController: Cannot use XGE Controller as Incredibuild is not installed on this machine.
[2019.12.15-07.55.47:940][  0]LogShaderCompilers: Cannot use XGE Shader Compiler as Incredibuild is not installed on this machine.
[2019.12.15-07.55.47:940][  0]LogShaderCompilers: Display: Using Local Shader Compiler.
[2019.12.15-07.55.56:314][  0]LogDerivedDataCache: Display: Max Cache Size: 512 MB
[2019.12.15-07.55.56:516][  0]LogDerivedDataCache: Loaded boot cache 0.20s 71MB C:/Users/aaron/AppData/Local/UnrealEngine/4.22/DerivedDataCache/Boot.ddc.
[2019.12.15-07.55.56:516][  0]LogDerivedDataCache: Display: Loaded Boot cache: C:/Users/aaron/AppData/Local/UnrealEngine/4.22/DerivedDataCache/Boot.ddc
[2019.12.15-07.55.56:516][  0]LogDerivedDataCache: FDerivedDataBackendGraph:  Pak pak cache file ../../../../../../Repo's/ProjectJimbo/ProjectJimbo/ProjectJimbo/DerivedDataCache/DDC.ddp not found, will not use a pak cache.
[2019.12.15-07.55.56:516][  0]LogDerivedDataCache: Unable to find inner node Pak for hierarchical cache Hierarchy.
[2019.12.15-07.55.56:517][  0]LogDerivedDataCache: FDerivedDataBackendGraph:  CompressedPak pak cache file ../../../../../../Repo's/ProjectJimbo/ProjectJimbo/ProjectJimbo/DerivedDataCache/Compressed.ddp not found, will not use a pak cache.
[2019.12.15-07.55.56:517][  0]LogDerivedDataCache: Unable to find inner node CompressedPak for hierarchical cache Hierarchy.
[2019.12.15-07.55.56:655][  0]LogDerivedDataCache: Display: Pak cache opened for reading ../../../Engine/DerivedDataCache/Compressed.ddp.
[2019.12.15-07.55.56:655][  0]LogDerivedDataCache: FDerivedDataBackendGraph:  EnterprisePak pak cache file ../../../Enterprise/DerivedDataCache/Compressed.ddp not found, will not use a pak cache.
[2019.12.15-07.55.56:655][  0]LogDerivedDataCache: Unable to find inner node EnterprisePak for hierarchical cache Hierarchy.
[2019.12.15-07.55.56:669][  0]LogDerivedDataCache: Using Local data cache path C:/Users/aaron/AppData/Local/UnrealEngine/Common/DerivedDataCache: Writable
[2019.12.15-07.55.56:669][  0]LogDerivedDataCache: Shared data cache path not found in *engine.ini, will not use an Shared cache.
[2019.12.15-07.55.56:669][  0]LogDerivedDataCache: Unable to find inner node Shared for hierarchical cache Hierarchy.
[2019.12.15-07.55.56:764][  0]LogMaterial: Verifying Global Shaders for PCD3D_SM5
[2019.12.15-07.55.56:865][  0]LogSlate: Using FreeType 2.6.0
[2019.12.15-07.55.57:076][  0]LogSlate: SlateFontServices - WITH_FREETYPE: 1, WITH_HARFBUZZ: 1
[2019.12.15-07.55.58:502][  0]LogAssetRegistry: FAssetRegistry took 0.1078 seconds to start up
[2019.12.15-07.56.01:692][  0]LogInit: Selected Device Profile: [Windows]
[2019.12.15-07.56.04:500][  0]LogMeshReduction: Using QuadricMeshReduction for automatic static mesh reduction
[2019.12.15-07.56.04:500][  0]LogMeshReduction: Using SimplygonMeshReduction for automatic skeletal mesh reduction
[2019.12.15-07.56.04:500][  0]LogMeshReduction: Using ProxyLODMeshReduction for automatic mesh merging
[2019.12.15-07.56.04:500][  0]LogMeshReduction: No distributed automatic mesh merging module available
[2019.12.15-07.56.04:501][  0]LogMeshMerging: No distributed automatic mesh merging module available
[2019.12.15-07.56.05:020][  0]LogFileManager: Warning: DeleteFile was unable to delete '../../../../../../Repo's/ProjectJimbo/ProjectJimbo/ProjectJimbo/Intermediate/CachedAssetRegistry.bin', retrying in .5s...
[2019.12.15-07.56.05:020][  0]LogNetVersion: ProjectJimbo 1.0.0, NetCL: 5660361, EngineNetVer: 10, GameNetVer: 0 (Checksum: 3753033117)
[2019.12.15-07.56.11:587][  0]LogFileManager: Warning: DeleteFile recovered during retry!
[2019.12.15-07.56.11:587][  0]LogPackageLocalizationCache: Processed 10 localized package path(s) for 1 prioritized culture(s) in 0.057603 seconds
[2019.12.15-07.56.11:618][  0]LogUObjectArray: 42205 objects as part of root set at end of initial load.
[2019.12.15-07.56.11:618][  0]LogUObjectAllocator: 7325032 out of 0 bytes used by permanent object pool.
[2019.12.15-07.56.11:618][  0]LogUObjectArray: CloseDisregardForGC: 0/0 objects in disregard for GC pool
[2019.12.15-07.56.30:474][  0]LogTcpMessaging: Initializing TcpMessaging bridge
[2019.12.15-07.56.30:530][  0]LogUdpMessaging: Initializing bridge on interface 0.0.0.0:0 to multicast group 230.0.0.1:6666.
[2019.12.15-07.56.31:425][  0]SourceControl: Source control is disabled
[2019.12.15-07.56.31:437][  0]SourceControl: Source control is disabled
[2019.12.15-07.56.31:596][  0]SourceControl: Source control is disabled
[2019.12.15-07.56.31:637][  0]SourceControl: Source control is disabled
[2019.12.15-07.56.31:711][  0]LogVSAccessor: Display: Unable to create Visual Studio setup instance: 80040154
[2019.12.15-07.56.31:712][  0]LogVSAccessor: Display: Unable to create Visual Studio setup instance: 80040154
[2019.12.15-07.56.33:280][  0]LogAndroidPermission: UAndroidPermissionCallbackProxy::GetInstance
[2019.12.15-07.56.34:008][  0]LogOcInput: OculusInput pre-init called
[2019.12.15-07.56.36:489][  0]LogEngine: Initializing Engine...
[2019.12.15-07.56.36:510][  0]LogHMD: Failed to initialize OpenVR with code 110
[2019.12.15-07.56.36:513][  0]LogStats: UGameplayTagsManager::InitializeManager -  0.001 s
[2019.12.15-07.56.37:264][  0]LogInit: Initializing FReadOnlyCVARCache
[2019.12.15-07.56.37:546][  0]LogAIModule: Creating AISystem for world Untitled
[2019.12.15-07.56.37:752][  0]LogInit: XAudio2 using 'Headphones (Arctis 7 Game)' : 2 channels at 48 kHz using 16 bits per sample (channel mask 0x3)
[2019.12.15-07.56.37:804][  0]LogInit: FAudioDevice initialized.
[2019.12.15-07.56.37:805][  0]LogNetVersion: Set ProjectVersion to 1.0.0.0. Version Checksum will be recalculated on next use.
[2019.12.15-07.56.37:950][  0]LogDerivedDataCache: Saved boot cache 0.15s 71MB C:/Users/aaron/AppData/Local/UnrealEngine/4.22/DerivedDataCache/Boot.ddc.
[2019.12.15-07.56.37:955][  0]LogInit: Texture streaming: Enabled
[2019.12.15-07.56.38:084][  0]LogEngineSessionManager: EngineSessionManager initialized
[2019.12.15-07.56.38:239][  0]LogInit: Transaction tracking system initialized
[2019.12.15-07.56.38:604][  0]BlueprintLog: New page: Editor Load
[2019.12.15-07.56.39:940][  0]LocalizationService: Localization service is disabled
[2019.12.15-07.56.40:901][  0]LogVSAccessor: Display: Unable to create Visual Studio setup instance: 80040154
[2019.12.15-07.56.40:901][  0]LogVSAccessor: Display: Unable to create Visual Studio setup instance: 80040154
[2019.12.15-07.56.42:736][  0]LogFileCache: Scanning file cache for directory 'D:/Repo's/ProjectJimbo/ProjectJimbo/ProjectJimbo/Content/' took 0.02s
[2019.12.15-07.56.42:736][  0]LogCook: Display: Max memory allowance for cook 16384mb min free memory 0mb
[2019.12.15-07.56.42:736][  0]LogCook: Display: Mobile HDR setting 1
[2019.12.15-07.56.46:530][  0]SourceControl: Source control is disabled
[2019.12.15-07.56.46:553][  0]Cmd: MAP LOAD FILE="../../../../../../Repo's/ProjectJimbo/ProjectJimbo/ProjectJimbo/Content/RollingBP/Maps/RollingBPExampleMap.umap" TEMPLATE=0 SHOWPROGRESS=1 FEATURELEVEL=3
[2019.12.15-07.56.46:593][  0]LightingResults: New page: Lighting Build
[2019.12.15-07.56.46:738][  0]MapCheck: New page: Map Check
[2019.12.15-07.56.46:738][  0]LightingResults: New page: Lighting Build
[2019.12.15-07.56.47:003][  0]LogUObjectHash: Compacting FUObjectHashTables data took   1.47ms
[2019.12.15-07.56.48:469][  0]LogAIModule: Creating AISystem for world RollingBPExampleMap
[2019.12.15-07.56.48:867][  0]LogEditorServer: Finished looking for orphan Actors (0.000 secs)
[2019.12.15-07.56.48:945][  0]LogUObjectHash: Compacting FUObjectHashTables data took   2.37ms
[2019.12.15-07.56.48:945][  0]Cmd: MAP CHECKDEP NOCLEARLOG
[2019.12.15-07.56.48:945][  0]MapCheck: Map check complete: 0 Error(s), 0 Warning(s), took 0.099ms to complete.
[2019.12.15-07.56.48:945][  0]LogFileHelpers: Loading map 'RollingBPExampleMap' took 2.410
[2019.12.15-07.56.50:011][  0]LogSlate: Updating window title bar state: overlay mode, drag disabled, window buttons hidden, title bar hidden
[2019.12.15-07.56.50:021][  0]LogSlate: Updating window title bar state: overlay mode, drag disabled, window buttons hidden, title bar hidden
[2019.12.15-07.56.50:030][  0]LogSlate: Updating window title bar state: overlay mode, drag disabled, window buttons hidden, title bar hidden
[2019.12.15-07.56.50:038][  0]LogSlate: Updating window title bar state: overlay mode, drag disabled, window buttons hidden, title bar hidden
[2019.12.15-07.56.50:074][  0]LogCollectionManager: Loaded 0 collections in 0.000833 seconds
[2019.12.15-07.56.50:206][  0]LogFileCache: Scanning file cache for directory 'D:/Repo's/ProjectJimbo/ProjectJimbo/ProjectJimbo/Saved/Collections/' took 0.01s
[2019.12.15-07.56.50:206][  0]LogFileCache: Scanning file cache for directory 'D:/Repo's/ProjectJimbo/ProjectJimbo/ProjectJimbo/Content/Developers/aaron/Collections/' took 0.00s
[2019.12.15-07.56.50:206][  0]LogFileCache: Scanning file cache for directory 'D:/Repo's/ProjectJimbo/ProjectJimbo/ProjectJimbo/Content/Collections/' took 0.00s
[2019.12.15-07.56.50:206][  0]LogCollectionManager: Rebuilt the GUID cache for 0 collections in 0.000001 seconds
[2019.12.15-07.56.50:216][  0]LogContentBrowser: Native class hierarchy populated in 0.0101 seconds. Added 2732 classes and 659 folders.
[2019.12.15-07.56.50:256][  0]LogContentBrowser: Native class hierarchy updated for 'WidgetCarousel' in 0.0002 seconds. Added 0 classes and 0 folders.
[2019.12.15-07.56.50:312][  0]LogPakFile: Registered encryption key '00000000000000000000000000000000': 0 pak files mounted, 0 remain pending
[2019.12.15-07.56.50:339][  0]LogPakFile: Registered encryption key '00000000000000000000000000000000': 0 pak files mounted, 0 remain pending
[2019.12.15-07.56.50:362][  0]LogPakFile: Registered encryption key '00000000000000000000000000000000': 0 pak files mounted, 0 remain pending
[2019.12.15-07.56.50:413][  0]LogPakFile: Registered encryption key '00000000000000000000000000000000': 0 pak files mounted, 0 remain pending
[2019.12.15-07.56.50:438][  0]LogPakFile: Registered encryption key '00000000000000000000000000000000': 0 pak files mounted, 0 remain pending
[2019.12.15-07.56.50:455][  0]LogPakFile: Registered encryption key '00000000000000000000000000000000': 0 pak files mounted, 0 remain pending
[2019.12.15-07.56.50:471][  0]LogPakFile: Registered encryption key '00000000000000000000000000000000': 0 pak files mounted, 0 remain pending
[2019.12.15-07.56.50:573][  0]LogPakFile: Registered encryption key '00000000000000000000000000000000': 0 pak files mounted, 0 remain pending
[2019.12.15-07.56.50:601][  0]LogPakFile: Registered encryption key '00000000000000000000000000000000': 0 pak files mounted, 0 remain pending
[2019.12.15-07.56.50:649][  0]LogPakFile: Registered encryption key '00000000000000000000000000000000': 0 pak files mounted, 0 remain pending
[2019.12.15-07.56.50:665][  0]LogPakFile: Registered encryption key '00000000000000000000000000000000': 0 pak files mounted, 0 remain pending
[2019.12.15-07.56.50:685][  0]LogPakFile: Registered encryption key '00000000000000000000000000000000': 0 pak files mounted, 0 remain pending
[2019.12.15-07.56.50:704][  0]LogPakFile: Registered encryption key '00000000000000000000000000000000': 0 pak files mounted, 0 remain pending
[2019.12.15-07.56.50:725][  0]LogPakFile: Registered encryption key '00000000000000000000000000000000': 0 pak files mounted, 0 remain pending
[2019.12.15-07.56.50:738][  0]LogPakFile: Registered encryption key '00000000000000000000000000000000': 0 pak files mounted, 0 remain pending
[2019.12.15-07.56.50:760][  0]LogPakFile: Registered encryption key '00000000000000000000000000000000': 0 pak files mounted, 0 remain pending
[2019.12.15-07.56.50:815][  0]LogPakFile: Registered encryption key '00000000000000000000000000000000': 0 pak files mounted, 0 remain pending
[2019.12.15-07.56.50:842][  0]LogPakFile: Registered encryption key '00000000000000000000000000000000': 0 pak files mounted, 0 remain pending
[2019.12.15-07.56.50:899][  0]LogPakFile: Registered encryption key '00000000000000000000000000000000': 0 pak files mounted, 0 remain pending
[2019.12.15-07.56.50:916][  0]LogPakFile: Registered encryption key '00000000000000000000000000000000': 0 pak files mounted, 0 remain pending
[2019.12.15-07.56.50:931][  0]LogPakFile: Registered encryption key '00000000000000000000000000000000': 0 pak files mounted, 0 remain pending
[2019.12.15-07.56.50:948][  0]LogPakFile: Registered encryption key '00000000000000000000000000000000': 0 pak files mounted, 0 remain pending
[2019.12.15-07.56.50:969][  0]LogPakFile: Registered encryption key '00000000000000000000000000000000': 0 pak files mounted, 0 remain pending
[2019.12.15-07.56.51:032][  0]LogPakFile: Registered encryption key '00000000000000000000000000000000': 0 pak files mounted, 0 remain pending
[2019.12.15-07.56.51:073][  0]LogPakFile: Registered encryption key '00000000000000000000000000000000': 0 pak files mounted, 0 remain pending
[2019.12.15-07.56.51:089][  0]LogPakFile: Registered encryption key '00000000000000000000000000000000': 0 pak files mounted, 0 remain pending
[2019.12.15-07.56.52:772][  0]LogContentBrowser: Native class hierarchy updated for 'AddContentDialog' in 0.0002 seconds. Added 0 classes and 0 folders.
[2019.12.15-07.56.52:822][  0]LogContentBrowser: Native class hierarchy updated for 'SceneOutliner' in 0.0003 seconds. Added 1 classes and 2 folders.
[2019.12.15-07.56.53:351][  0]LogSlate: Took 0.041857 seconds to synchronously load lazily loaded font '../../../Engine/Content/Slate/Fonts/Roboto-Regular.ttf' (155K)
[2019.12.15-07.56.53:386][  0]LogSlate: Took 0.033396 seconds to synchronously load lazily loaded font '../../../Engine/Content/Slate/Fonts/Roboto-Bold.ttf' (160K)
[2019.12.15-07.56.53:433][  0]LogSlate: Took 0.023795 seconds to synchronously load lazily loaded font '../../../Engine/Content/Editor/Slate/Fonts/FontAwesome.ttf' (139K)
[2019.12.15-07.56.53:859][  0]LogRenderer: Reallocating scene render targets to support 1216x660 Format 10 NumSamples 1 (Frame:1).
[2019.12.15-07.56.54:447][  0]LogContentBrowser: Native class hierarchy updated for 'HierarchicalLODOutliner' in 0.0002 seconds. Added 0 classes and 0 folders.
[2019.12.15-07.56.54:447][  0]LogLoad: (Engine Initialization) Total time: 132.62 seconds
[2019.12.15-07.56.54:447][  0]LogLoad: (Engine Initialization) Total Blueprint compile time: 0.00 seconds
[2019.12.15-07.56.54:600][  0]LogAssetRegistry: Asset discovery search completed in 56.1205 seconds
[2019.12.15-07.56.54:609][  0]LogCollectionManager: Rebuilt the object cache for 0 collections in 0.000000 seconds (found 0 objects)
[2019.12.15-07.56.54:609][  0]LogCollectionManager: Fixed up redirectors for 0 collections in 0.000061 seconds (updated 0 objects)
[2019.12.15-07.56.54:718][  0]LogContentStreaming: Texture pool size now 1000 MB
[2019.12.15-07.56.54:821][  0]LogSlate: Took 0.029346 seconds to synchronously load lazily loaded font '../../../Engine/Content/Slate/Fonts/Roboto-Light.ttf' (167K)
[2019.12.15-07.56.55:984][  4]LogSlate: Took 0.000179 seconds to synchronously load lazily loaded font '../../../Engine/Content/Slate/Fonts/Roboto-Light.ttf' (167K)
[2019.12.15-08.05.37:747][563]LogWindowsTextInputMethodSystem: Display: IME system now deactivated.
[2019.12.15-08.05.37:747][563]LogWindowsTextInputMethodSystem: Display: IME system now deactivated.
[2019.12.15-08.09.54:200][459]LogSlate: FSceneViewport::OnFocusLost() reason 0
[2019.12.15-08.11.17:769][373]LogFactory: FactoryCreateFile: StaticMesh with FbxFactory (0 0 C:/Users/aaron/Desktop/MayaWorks/Road_T_section.fbx)
[2019.12.15-08.11.17:946][373]LogFbx: Loading FBX Scene from C:/Users/aaron/Desktop/MayaWorks/Road_T_section.fbx
[2019.12.15-08.11.17:972][373]LogFbx: FBX Scene Loaded Succesfully
[2019.12.15-08.11.19:465][373]LogSlate: Window 'FBX Import Options' being destroyed
[2019.12.15-08.11.19:692][373]LogMaterial: Display: Missing cached shader map for material Road_concrete, compiling. 
[2019.12.15-08.11.19:769][373]LogMaterial: Display: Missing cached shader map for material Road_Lines, compiling. 
[2019.12.15-08.11.19:794][373]LogFbx: Display: Triangulating static mesh pCube6
[2019.12.15-08.11.19:930][373]LogStaticMesh: Building static mesh Road_T_section...
[2019.12.15-08.11.20:053][373]LogStaticMesh: Built static mesh [0.12s] /Game/Imports/Roads/Road_T_section.Road_T_section
[2019.12.15-08.11.20:111][373]LogStaticMesh: Warning: Road_T_section has degenerate tangent bases which will result in incorrect shading.  MikkTSpace relies on tangent bases and may result in mesh corruption, consider disabling this option.
[2019.12.15-08.11.20:111][373]LogStaticMesh: Warning: Road_T_section has some nearly zero bi-normals which can create some issues. (Tolerance of 1E-4)
[2019.12.15-08.11.20:133][373]FBXImport: Warning: No smoothing group information was found in this FBX scene.  Please make sure to enable the 'Export Smoothing Groups' option in the FBX Exporter plug-in before exporting the file.  Even for tools that don't support smoothing groups, the FBX Exporter will generate appropriate smoothing data at export-time so that correct vertex normals can be inferred while importing. 
[2019.12.15-08.11.20:133][373]FBXImport: Warning: Road_T_section has degenerate tangent bases which will result in incorrect shading.  MikkTSpace relies on tangent bases and may result in mesh corruption, consider disabling this option. 
[2019.12.15-08.11.20:134][373]FBXImport: Warning: Road_T_section has some nearly zero bi-normals which can create some issues. (Tolerance of 1E-4) 
[2019.12.15-08.11.29:460][850]LogUObjectHash: Compacting FUObjectHashTables data took   1.46ms
[2019.12.15-08.11.29:460][850]LogFileHelpers: Editor autosave (incl. sublevels) for '/Game/RollingBP/Maps/RollingBPExampleMap' took 0.023
[2019.12.15-08.11.29:462][850]OBJ SavePackage: Generating thumbnails for [1] asset(s) in package [/Game/Imports/Roads/Road_T_section] ([1] browsable assets)...
[2019.12.15-08.11.29:483][850]OBJ SavePackage:     Rendered thumbnail for [StaticMesh /Game/Imports/Roads/Road_T_section.Road_T_section]
[2019.12.15-08.11.29:483][850]OBJ SavePackage: Finished generating thumbnails for package [/Game/Imports/Roads/Road_T_section]
[2019.12.15-08.11.29:539][850]LogSavePackage: Moving '../../../../../../Repo's/ProjectJimbo/ProjectJimbo/ProjectJimbo/Saved/Road_T_section_Auto1754281754DD23F2490688386FA8125A8.tmp' to '../../../../../../Repo's/ProjectJimbo/ProjectJimbo/ProjectJimbo/Saved/Autosaves/Game/Imports/Roads/Road_T_section_Auto1.uasset'
[2019.12.15-08.11.29:540][850]OBJ SavePackage: Generating thumbnails for [1] asset(s) in package [/Game/Imports/Roads/Road_concrete] ([1] browsable assets)...
[2019.12.15-08.11.29:557][850]OBJ SavePackage:     Rendered thumbnail for [Material /Game/Imports/Roads/Road_concrete.Road_concrete]
[2019.12.15-08.11.29:557][850]OBJ SavePackage: Finished generating thumbnails for package [/Game/Imports/Roads/Road_concrete]
[2019.12.15-08.11.29:573][850]LogSavePackage: Moving '../../../../../../Repo's/ProjectJimbo/ProjectJimbo/ProjectJimbo/Saved/Road_concrete_Auto15DA09BDA46A2E75B5040E58DCCF75BFA.tmp' to '../../../../../../Repo's/ProjectJimbo/ProjectJimbo/ProjectJimbo/Saved/Autosaves/Game/Imports/Roads/Road_concrete_Auto1.uasset'
[2019.12.15-08.11.29:574][850]OBJ SavePackage: Generating thumbnails for [1] asset(s) in package [/Game/Imports/Roads/Road_Lines] ([1] browsable assets)...
[2019.12.15-08.11.29:590][850]OBJ SavePackage:     Rendered thumbnail for [Material /Game/Imports/Roads/Road_Lines.Road_Lines]
[2019.12.15-08.11.29:590][850]OBJ SavePackage: Finished generating thumbnails for package [/Game/Imports/Roads/Road_Lines]
[2019.12.15-08.11.29:624][850]LogSavePackage: Moving '../../../../../../Repo's/ProjectJimbo/ProjectJimbo/ProjectJimbo/Saved/Road_Lines_Auto190A64DA44BC2A801F99C7B8590EDF2C0.tmp' to '../../../../../../Repo's/ProjectJimbo/ProjectJimbo/ProjectJimbo/Saved/Autosaves/Game/Imports/Roads/Road_Lines_Auto1.uasset'
[2019.12.15-08.11.29:625][850]LogFileHelpers: Auto-saving content packages took 0.164
[2019.12.15-08.11.38:985][310]LogAIModule: Creating AISystem for world TestingGrounds
[2019.12.15-08.11.39:024][310]LogAssetEditorManager: Opening Asset editor for World /Game/RollingBP/Maps/TestingGrounds.TestingGrounds
[2019.12.15-08.11.39:063][310]LogUObjectHash: Compacting FUObjectHashTables data took   1.26ms
[2019.12.15-08.11.40:370][310]LogSlate: Window 'Save Content' being destroyed
[2019.12.15-08.11.40:380][310]Cmd: OBJ SAVEPACKAGE PACKAGE="/Game/Imports/Roads/Road_concrete" FILE="../../../../../../Repo's/ProjectJimbo/ProjectJimbo/ProjectJimbo/Content/Imports/Roads/Road_concrete.uasset" SILENT=true
[2019.12.15-08.11.40:391][310]LogSavePackage: Moving '../../../../../../Repo's/ProjectJimbo/ProjectJimbo/ProjectJimbo/Saved/Road_concrete8CE7C2FE4521EBA21FEB7D9DF6A806F5.tmp' to '../../../../../../Repo's/ProjectJimbo/ProjectJimbo/ProjectJimbo/Content/Imports/Roads/Road_concrete.uasset'
[2019.12.15-08.11.40:396][310]Cmd: OBJ SAVEPACKAGE PACKAGE="/Game/Imports/Roads/Road_Lines" FILE="../../../../../../Repo's/ProjectJimbo/ProjectJimbo/ProjectJimbo/Content/Imports/Roads/Road_Lines.uasset" SILENT=true
[2019.12.15-08.11.40:406][310]LogSavePackage: Moving '../../../../../../Repo's/ProjectJimbo/ProjectJimbo/ProjectJimbo/Saved/Road_Lines0C07E8C746FBB2FA501353B6851D03F0.tmp' to '../../../../../../Repo's/ProjectJimbo/ProjectJimbo/ProjectJimbo/Content/Imports/Roads/Road_Lines.uasset'
[2019.12.15-08.11.40:412][310]Cmd: OBJ SAVEPACKAGE PACKAGE="/Game/Imports/Roads/Road_T_section" FILE="../../../../../../Repo's/ProjectJimbo/ProjectJimbo/ProjectJimbo/Content/Imports/Roads/Road_T_section.uasset" SILENT=true
[2019.12.15-08.11.40:428][310]LogSavePackage: Moving '../../../../../../Repo's/ProjectJimbo/ProjectJimbo/ProjectJimbo/Saved/Road_T_sectionFF3A565F4400FCD741F836A8513722C1.tmp' to '../../../../../../Repo's/ProjectJimbo/ProjectJimbo/ProjectJimbo/Content/Imports/Roads/Road_T_section.uasset'
[2019.12.15-08.11.40:445][310]Cmd: MAP LOAD FILE="../../../../../../Repo's/ProjectJimbo/ProjectJimbo/ProjectJimbo/Content/RollingBP/Maps/TestingGrounds.umap" TEMPLATE=0 SHOWPROGRESS=1 FEATURELEVEL=3
[2019.12.15-08.11.40:445][310]LightingResults: New page: Lighting Build
[2019.12.15-08.11.40:445][310]LoadErrors: New page: Loading map: TestingGrounds.umap
[2019.12.15-08.11.40:447][310]MapCheck: New page: Map Check
[2019.12.15-08.11.40:447][310]LightingResults: New page: Lighting Build
[2019.12.15-08.11.40:482][310]LogUObjectHash: Compacting FUObjectHashTables data took   1.88ms
[2019.12.15-08.11.40:513][310]LogEditorServer: Finished looking for orphan Actors (0.000 secs)
[2019.12.15-08.11.40:538][310]LogUObjectHash: Compacting FUObjectHashTables data took   2.12ms
[2019.12.15-08.11.40:560][310]Cmd: MAP CHECKDEP NOCLEARLOG
[2019.12.15-08.11.40:560][310]MapCheck: Map check complete: 0 Error(s), 0 Warning(s), took 0.076ms to complete.
[2019.12.15-08.11.40:560][310]LogFileHelpers: Loading map 'TestingGrounds' took 0.127
[2019.12.15-08.11.41:819][374]LogSlate: Window 'Message Log' being destroyed
[2019.12.15-08.11.41:827][374]LogSlate: Window 'Message Log' being destroyed
[2019.12.15-08.11.46:872][634]LogActorFactory: Actor Factory created Road_T_section
[2019.12.15-08.11.47:532][670]LogActorFactory: Actor Factory created Road_T_section
[2019.12.15-08.11.49:015][726]Cmd: CAMERA ALIGN ACTIVEVIEWPORTONLY
[2019.12.15-08.11.52:027][883]LogSlate: FSceneViewport::OnFocusLost() reason 0
[2019.12.15-08.12.01:990][359]Cmd: CAMERA ALIGN ACTIVEVIEWPORTONLY
[2019.12.15-08.12.03:519][445]Cmd: CAMERA ALIGN ACTIVEVIEWPORTONLY
[2019.12.15-08.12.05:327][547]LogEditorViewport: Clicking on Actor (LMB): StaticMeshActor (Map1_pCube1)
[2019.12.15-08.12.06:429][598]LogEditorViewport: Clicking on Actor (LMB): PhysicsBallBP_C (PhysicsBallBP)
[2019.12.15-08.12.07:945][685]LogSlate: FSceneViewport::OnFocusLost() reason 0
[2019.12.15-08.12.08:278][705]Cmd: CAMERA ALIGN ACTIVEVIEWPORTONLY
[2019.12.15-08.12.10:682][831]Cmd: CAMERA ALIGN ACTIVEVIEWPORTONLY
[2019.12.15-08.12.14:706][ 50]Cmd: CAMERA ALIGN ACTIVEVIEWPORTONLY
[2019.12.15-08.12.17:805][191]LogSlate: FSceneViewport::OnFocusLost() reason 0
[2019.12.15-08.12.17:979][197]LogAssetEditorManager: Opening Asset editor for StaticMesh /Game/Imports/Roads/Road_T_section.Road_T_section
[2019.12.15-08.12.19:119][197]LogRenderer: Reallocating scene render targets to support 1432x920 Format 10 NumSamples 1 (Frame:1).
[2019.12.15-08.12.19:119][197]LogSlate: Took 0.016305 seconds to synchronously load lazily loaded font '../../../Engine/Content/Slate/Fonts/Roboto-Italic.ttf' (157K)
[2019.12.15-08.12.26:481][443]Cmd: OBJ SAVEPACKAGE PACKAGE="/Game/Imports/Roads/Road_T_section" FILE="../../../../../../Repo's/ProjectJimbo/ProjectJimbo/ProjectJimbo/Content/Imports/Roads/Road_T_section.uasset" SILENT=true
[2019.12.15-08.12.26:586][443]LogSavePackage: Moving '../../../../../../Repo's/ProjectJimbo/ProjectJimbo/ProjectJimbo/Saved/Road_T_section6A6DCD5D46A5F096383A0AABEC6C2A74.tmp' to '../../../../../../Repo's/ProjectJimbo/ProjectJimbo/ProjectJimbo/Content/Imports/Roads/Road_T_section.uasset'
[2019.12.15-08.12.28:142][506]LogSlate: Window 'Road_T_section' being destroyed
[2019.12.15-08.12.29:779][574]LogTemp: Repeating last play command: Selected Viewport
[2019.12.15-08.12.29:795][574]LogBlueprintUserMessages: Early PlayInEditor Detection: Level '/Game/RollingBP/Maps/TestingGrounds.TestingGrounds:PersistentLevel' has LevelScriptBlueprint '/Game/RollingBP/Maps/TestingGrounds.TestingGrounds:PersistentLevel.TestingGrounds' with GeneratedClass '/Game/RollingBP/Maps/TestingGrounds.TestingGrounds_C' with ClassGeneratedBy '/Game/RollingBP/Maps/TestingGrounds.TestingGrounds:PersistentLevel.TestingGrounds'
[2019.12.15-08.12.29:815][574]LogPlayLevel: PlayLevel: No blueprints needed recompiling
[2019.12.15-08.12.29:827][574]PIE: New page: PIE session: TestingGrounds (16/12/2019 10:12:29 am)
[2019.12.15-08.12.29:857][574]LogPlayLevel: Creating play world package: /Game/RollingBP/Maps/UEDPIE_0_TestingGrounds
[2019.12.15-08.12.29:861][574]LogPlayLevel: PIE: StaticDuplicateObject took: (0.004103s)
[2019.12.15-08.12.29:861][574]LogAIModule: Creating AISystem for world TestingGrounds
[2019.12.15-08.12.29:862][574]LogPlayLevel: PIE: World Init took: (0.000588s)
[2019.12.15-08.12.29:862][574]LogPlayLevel: PIE: Created PIE world by copying editor world from /Game/RollingBP/Maps/TestingGrounds.TestingGrounds to /Game/RollingBP/Maps/UEDPIE_0_TestingGrounds.TestingGrounds (0.004960s)
[2019.12.15-08.12.29:885][574]LogUObjectHash: Compacting FUObjectHashTables data took   1.83ms
[2019.12.15-08.12.29:932][574]LogInit: XAudio2 using 'Headphones (Arctis 7 Game)' : 2 channels at 48 kHz using 16 bits per sample (channel mask 0x3)
[2019.12.15-08.12.29:966][574]LogInit: FAudioDevice initialized.
[2019.12.15-08.12.30:009][574]LogLoad: Game class is 'RollingGameMode_C'
[2019.12.15-08.12.30:024][574]LogWorld: Bringing World /Game/RollingBP/Maps/UEDPIE_0_TestingGrounds.TestingGrounds up for play (max tick rate 60) at 2019.12.15-21.12.30
[2019.12.15-08.12.30:030][574]LogWorld: Bringing up level for play took: 0.007297
[2019.12.15-08.12.30:157][574]LogContentBrowser: Native class hierarchy updated for 'MovieSceneCapture' in 0.0004 seconds. Added 20 classes and 0 folders.
[2019.12.15-08.12.30:175][574]PIE: Play in editor start time for /Game/RollingBP/Maps/UEDPIE_0_TestingGrounds -0.195
[2019.12.15-08.12.30:175][574]LogBlueprintUserMessages: Late PlayInEditor Detection: Level '/Game/RollingBP/Maps/TestingGrounds.TestingGrounds:PersistentLevel' has LevelScriptBlueprint '/Game/RollingBP/Maps/TestingGrounds.TestingGrounds:PersistentLevel.TestingGrounds' with GeneratedClass '/Game/RollingBP/Maps/TestingGrounds.TestingGrounds_C' with ClassGeneratedBy '/Game/RollingBP/Maps/TestingGrounds.TestingGrounds:PersistentLevel.TestingGrounds'
[2019.12.15-08.13.38:526][651]LogBlueprintUserMessages: Early EndPlayMap Detection: Level '/Game/RollingBP/Maps/TestingGrounds.TestingGrounds:PersistentLevel' has LevelScriptBlueprint '/Game/RollingBP/Maps/TestingGrounds.TestingGrounds:PersistentLevel.TestingGrounds' with GeneratedClass '/Game/RollingBP/Maps/TestingGrounds.TestingGrounds_C' with ClassGeneratedBy '/Game/RollingBP/Maps/TestingGrounds.TestingGrounds:PersistentLevel.TestingGrounds'
[2019.12.15-08.13.38:526][651]LogSlate: Updating window title bar state: overlay mode, drag disabled, window buttons hidden, title bar hidden
[2019.12.15-08.13.38:555][651]LogPlayLevel: Display: Shutting down PIE online subsystems
[2019.12.15-08.13.38:555][651]LogBlueprintUserMessages: Late EndPlayMap Detection: Level '/Game/RollingBP/Maps/TestingGrounds.TestingGrounds:PersistentLevel' has LevelScriptBlueprint '/Game/RollingBP/Maps/TestingGrounds.TestingGrounds:PersistentLevel.TestingGrounds' with GeneratedClass '/Game/RollingBP/Maps/TestingGrounds.TestingGrounds_C' with ClassGeneratedBy '/Game/RollingBP/Maps/TestingGrounds.TestingGrounds:PersistentLevel.TestingGrounds'
[2019.12.15-08.13.38:912][651]LogSlate: Updating window title bar state: overlay mode, drag disabled, window buttons hidden, title bar hidden
[2019.12.15-08.13.38:915][651]LogUObjectHash: Compacting FUObjectHashTables data took   1.46ms
[2019.12.15-08.13.38:975][652]LogPlayLevel: Display: Destroying online subsystem :Context_4
[2019.12.15-08.13.43:149][826]LogSlate: FSceneViewport::OnFocusLost() reason 0
[2019.12.15-08.13.43:241][830]LogTemp: Repeating last play command: Selected Viewport
[2019.12.15-08.13.43:260][830]LogBlueprintUserMessages: Early PlayInEditor Detection: Level '/Game/RollingBP/Maps/TestingGrounds.TestingGrounds:PersistentLevel' has LevelScriptBlueprint '/Game/RollingBP/Maps/TestingGrounds.TestingGrounds:PersistentLevel.TestingGrounds' with GeneratedClass '/Game/RollingBP/Maps/TestingGrounds.TestingGrounds_C' with ClassGeneratedBy '/Game/RollingBP/Maps/TestingGrounds.TestingGrounds:PersistentLevel.TestingGrounds'
[2019.12.15-08.13.43:261][830]LogPlayLevel: PlayLevel: No blueprints needed recompiling
[2019.12.15-08.13.43:261][830]PIE: New page: PIE session: TestingGrounds (16/12/2019 10:13:43 am)
[2019.12.15-08.13.43:261][830]LogPlayLevel: Creating play world package: /Game/RollingBP/Maps/UEDPIE_0_TestingGrounds
[2019.12.15-08.13.43:268][830]LogPlayLevel: PIE: StaticDuplicateObject took: (0.007149s)
[2019.12.15-08.13.43:269][830]LogAIModule: Creating AISystem for world TestingGrounds
[2019.12.15-08.13.43:269][830]LogPlayLevel: PIE: World Init took: (0.000743s)
[2019.12.15-08.13.43:269][830]LogPlayLevel: PIE: Created PIE world by copying editor world from /Game/RollingBP/Maps/TestingGrounds.TestingGrounds to /Game/RollingBP/Maps/UEDPIE_0_TestingGrounds.TestingGrounds (0.008073s)
[2019.12.15-08.13.43:304][830]LogUObjectHash: Compacting FUObjectHashTables data took   1.56ms
[2019.12.15-08.13.43:317][830]LogInit: XAudio2 using 'Headphones (Arctis 7 Game)' : 2 channels at 48 kHz using 16 bits per sample (channel mask 0x3)
[2019.12.15-08.13.43:368][830]LogInit: FAudioDevice initialized.
[2019.12.15-08.13.43:399][830]LogLoad: Game class is 'RollingGameMode_C'
[2019.12.15-08.13.43:401][830]LogWorld: Bringing World /Game/RollingBP/Maps/UEDPIE_0_TestingGrounds.TestingGrounds up for play (max tick rate 60) at 2019.12.15-21.13.43
[2019.12.15-08.13.43:402][830]LogWorld: Bringing up level for play took: 0.001409
[2019.12.15-08.13.43:415][830]PIE: Play in editor start time for /Game/RollingBP/Maps/UEDPIE_0_TestingGrounds 1.045
[2019.12.15-08.13.43:415][830]LogBlueprintUserMessages: Late PlayInEditor Detection: Level '/Game/RollingBP/Maps/TestingGrounds.TestingGrounds:PersistentLevel' has LevelScriptBlueprint '/Game/RollingBP/Maps/TestingGrounds.TestingGrounds:PersistentLevel.TestingGrounds' with GeneratedClass '/Game/RollingBP/Maps/TestingGrounds.TestingGrounds_C' with ClassGeneratedBy '/Game/RollingBP/Maps/TestingGrounds.TestingGrounds:PersistentLevel.TestingGrounds'
[2019.12.15-08.14.10:485][442]LogBlueprintUserMessages: Early EndPlayMap Detection: Level '/Game/RollingBP/Maps/TestingGrounds.TestingGrounds:PersistentLevel' has LevelScriptBlueprint '/Game/RollingBP/Maps/TestingGrounds.TestingGrounds:PersistentLevel.TestingGrounds' with GeneratedClass '/Game/RollingBP/Maps/TestingGrounds.TestingGrounds_C' with ClassGeneratedBy '/Game/RollingBP/Maps/TestingGrounds.TestingGrounds:PersistentLevel.TestingGrounds'
[2019.12.15-08.14.10:485][442]LogSlate: Updating window title bar state: overlay mode, drag disabled, window buttons hidden, title bar hidden
[2019.12.15-08.14.10:519][442]LogPlayLevel: Display: Shutting down PIE online subsystems
[2019.12.15-08.14.10:519][442]LogBlueprintUserMessages: Late EndPlayMap Detection: Level '/Game/RollingBP/Maps/TestingGrounds.TestingGrounds:PersistentLevel' has LevelScriptBlueprint '/Game/RollingBP/Maps/TestingGrounds.TestingGrounds:PersistentLevel.TestingGrounds' with GeneratedClass '/Game/RollingBP/Maps/TestingGrounds.TestingGrounds_C' with ClassGeneratedBy '/Game/RollingBP/Maps/TestingGrounds.TestingGrounds:PersistentLevel.TestingGrounds'
[2019.12.15-08.14.10:560][442]LogSlate: Updating window title bar state: overlay mode, drag disabled, window buttons hidden, title bar hidden
[2019.12.15-08.14.10:564][442]LogUObjectHash: Compacting FUObjectHashTables data took   1.58ms
[2019.12.15-08.14.10:628][443]LogPlayLevel: Display: Destroying online subsystem :Context_5
[2019.12.15-08.14.12:781][533]LogSlate: FSceneViewport::OnFocusLost() reason 0
[2019.12.15-08.14.12:973][537]LogUObjectHash: Compacting FUObjectHashTables data took   0.96ms
[2019.12.15-08.14.13:247][537]LogSavePackage: Moving '../../../../../../Repo's/ProjectJimbo/ProjectJimbo/ProjectJimbo/Saved/TestingGrounds010E247545BB8A8BC00235AAE67CDD96.tmp' to '../../../../../../Repo's/ProjectJimbo/ProjectJimbo/ProjectJimbo/Content/RollingBP/Maps/TestingGrounds.umap'
[2019.12.15-08.14.13:850][537]LogSavePackage: Moving '../../../../../../Repo's/ProjectJimbo/ProjectJimbo/ProjectJimbo/Saved/TestingGrounds_BuiltData00C7325C49FFCC7E81243890A2BDE111.tmp' to '../../../../../../Repo's/ProjectJimbo/ProjectJimbo/ProjectJimbo/Content/RollingBP/Maps/TestingGrounds_BuiltData.uasset'
[2019.12.15-08.41.20:929][690]LogSlate: FSceneViewport::OnFocusLost() reason 0
