Log file open, 12/11/19 16:53:11
LogWindows: Failed to load 'aqProf.dll' (GetLastError=126)
LogWindows: File 'aqProf.dll' does not exist
LogWindows: Failed to load 'VtuneApi.dll' (GetLastError=126)
LogWindows: File 'VtuneApi.dll' does not exist
LogWindows: Failed to load 'VtuneApi32e.dll' (GetLastError=126)
LogWindows: File 'VtuneApi32e.dll' does not exist
LogConsoleResponse: Display: Failed to find resolution value strings in scalability ini. Falling back to default.
LogInit: Display: Running engine for game: ProjectJimbo
LogPakFile: Registered encryption key '00000000000000000000000000000000': 0 pak files mounted, 0 remain pending
LogPlatformFile: Not using cached read wrapper
LogTaskGraph: Started task graph with 5 named threads and 23 total threads with 3 sets of task threads.
LogStats: Stats thread started at 2.799439
LogD3D11RHI: Loaded GFSDK_Aftermath_Lib.x64.dll
LogICUInternationalization: ICU TimeZone Detection - Raw Offset: +12:00, Platform Override: ''
LogPluginManager: Mounting plugin Paper2D
LogPluginManager: Mounting plugin AISupport
LogPluginManager: Mounting plugin LightPropagationVolume
LogPluginManager: Mounting plugin ActorLayerUtilities
LogPluginManager: Mounting plugin AnimationSharing
LogPluginManager: Mounting plugin CLionSourceCodeAccess
LogPluginManager: Mounting plugin CodeLiteSourceCodeAccess
LogPluginManager: Mounting plugin GitSourceControl
LogPluginManager: Mounting plugin KDevelopSourceCodeAccess
LogPluginManager: Mounting plugin NullSourceCodeAccess
LogPluginManager: Mounting plugin PerforceSourceControl
LogPluginManager: Mounting plugin SubversionSourceControl
LogPluginManager: Mounting plugin UObjectPlugin
LogPluginManager: Mounting plugin VisualStudioCodeSourceCodeAccess
LogPluginManager: Mounting plugin VisualStudioSourceCodeAccess
LogPluginManager: Mounting plugin XCodeSourceCodeAccess
LogPluginManager: Mounting plugin AssetManagerEditor
LogPluginManager: Mounting plugin CryptoKeys
LogPluginManager: Mounting plugin DataValidation
LogPluginManager: Mounting plugin FacialAnimation
LogPluginManager: Mounting plugin GameplayTagsEditor
LogPluginManager: Mounting plugin MacGraphicsSwitching
LogPluginManager: Mounting plugin MaterialAnalyzer
LogPluginManager: Mounting plugin MobileLauncherProfileWizard
LogPluginManager: Mounting plugin PluginBrowser
LogPluginManager: Mounting plugin SpeedTreeImporter
LogPluginManager: Mounting plugin DatasmithContent
LogPluginManager: Mounting plugin VariantManagerContent
LogPluginManager: Mounting plugin AlembicImporter
LogPluginManager: Mounting plugin AppleImageUtils
LogPluginManager: Mounting plugin AppleVision
LogPluginManager: Mounting plugin BackChannel
LogPluginManager: Mounting plugin CharacterAI
LogPluginManager: Mounting plugin GeometryCache
LogPluginManager: Mounting plugin HTML5Networking
LogPluginManager: Mounting plugin ProxyLODPlugin
LogPluginManager: Mounting plugin SkeletalReduction
LogPluginManager: Mounting plugin MagicLeap
LogPluginManager: Mounting plugin MagicLeapMedia
LogPluginManager: Mounting plugin AndroidMedia
LogPluginManager: Mounting plugin AvfMedia
LogPluginManager: Mounting plugin ImgMedia
LogPluginManager: Mounting plugin LinearTimecode
LogPluginManager: Mounting plugin MediaCompositing
LogPluginManager: Mounting plugin MediaPlayerEditor
LogPluginManager: Mounting plugin WebMMedia
LogPluginManager: Mounting plugin WmfMedia
LogPluginManager: Mounting plugin TcpMessaging
LogPluginManager: Mounting plugin UdpMessaging
LogPluginManager: Mounting plugin ActorSequence
LogPluginManager: Mounting plugin LevelSequenceEditor
LogPluginManager: Mounting plugin MatineeToLevelSequence
LogPluginManager: Mounting plugin NetcodeUnitTest
LogPluginManager: Mounting plugin NUTUnrealEngine4
LogPluginManager: Mounting plugin OnlineSubsystemGooglePlay
LogPluginManager: Mounting plugin OnlineSubsystemIOS
LogPluginManager: Mounting plugin OnlineSubsystem
LogPluginManager: Mounting plugin OnlineSubsystemNull
LogPluginManager: Mounting plugin OnlineSubsystemUtils
LogPluginManager: Mounting plugin LauncherChunkInstaller
LogPluginManager: Mounting plugin AndroidDeviceProfileSelector
LogPluginManager: Mounting plugin AndroidMoviePlayer
LogPluginManager: Mounting plugin AndroidPermission
LogPluginManager: Mounting plugin AppleMoviePlayer
LogPluginManager: Mounting plugin ArchVisCharacter
LogPluginManager: Mounting plugin AudioCapture
LogPluginManager: Mounting plugin CableComponent
LogPluginManager: Mounting plugin CustomMeshComponent
LogPluginManager: Mounting plugin EditableMesh
LogPluginManager: Mounting plugin ExampleDeviceProfileSelector
LogPluginManager: Mounting plugin Firebase
LogPluginManager: Mounting plugin GoogleCloudMessaging
LogPluginManager: Mounting plugin IOSDeviceProfileSelector
LogPluginManager: Mounting plugin LinuxDeviceProfileSelector
LogPluginManager: Mounting plugin LocationServicesBPLibrary
LogPluginManager: Mounting plugin MobilePatchingUtils
LogPluginManager: Mounting plugin OculusVR
LogPluginManager: Mounting plugin PhysXVehicles
LogPluginManager: Mounting plugin ProceduralMeshComponent
LogPluginManager: Mounting plugin RuntimePhysXCooking
LogPluginManager: Mounting plugin SignificanceManager
LogPluginManager: Mounting plugin SteamVR
LogPluginManager: Mounting plugin WebMMoviePlayer
LogPluginManager: Mounting plugin WindowsMoviePlayer
LogInit: Using libcurl 7.55.1-DEV
LogInit:  - built for x86_64-pc-win32
LogInit:  - supports SSL with OpenSSL/1.1.1
LogInit:  - supports HTTP deflate (compression) using libz 1.2.8
LogInit:  - other features:
LogInit:      CURL_VERSION_SSL
LogInit:      CURL_VERSION_LIBZ
LogInit:      CURL_VERSION_IPV6
LogInit:      CURL_VERSION_ASYNCHDNS
LogInit:      CURL_VERSION_LARGEFILE
LogInit:      CURL_VERSION_IDN
LogInit:  CurlRequestOptions (configurable via config and command line):
LogInit:  - bVerifyPeer = true  - Libcurl will verify peer certificate
LogInit:  - bUseHttpProxy = false  - Libcurl will NOT use HTTP proxy
LogInit:  - bDontReuseConnections = false  - Libcurl will reuse connections
LogInit:  - MaxHostConnections = 16  - Libcurl will limit the number of connections to a host
LogInit:  - LocalHostAddr = Default
LogInit:  - BufferSize = 65536
LogInit: WinSock: version 1.1 (2.2), MaxSocks=32767, MaxUdp=65467
LogInit: Build: ++UE4+Release-4.22-CL-7053642
LogInit: Engine Version: 4.22.3-7053642+++UE4+Release-4.22
LogInit: Compatible Engine Version: 4.22.0-5660361+++UE4+Release-4.22
LogInit: Net CL: 5660361
LogInit: OS: Windows 10 (Release 1903) (), CPU: Intel(R) Core(TM) i7-7700HQ CPU @ 2.80GHz, GPU: Intel(R) HD Graphics 630
LogInit: Compiled (64-bit): Jun 18 2019 03:09:11
LogInit: Compiled with Visual C++: 19.16.27025.01
LogInit: Build Configuration: Development
LogInit: Branch Name: ++UE4+Release-4.22
LogInit: Command Line: 
LogInit: Base Directory: D:/Unreal/UnrealEngine/UE_4.22/Engine/Binaries/Win64/
LogInit: Installed Engine Build: 1
LogDevObjectVersion: Number of dev versions registered: 23
LogDevObjectVersion:   Dev-Blueprints (B0D832E4-1F89-4F0D-ACCF-7EB736FD4AA2): 10
LogDevObjectVersion:   Dev-Build (E1C64328-A22C-4D53-A36C-8E866417BD8C): 0
LogDevObjectVersion:   Dev-Core (375EC13C-06E4-48FB-B500-84F0262A717E): 3
LogDevObjectVersion:   Dev-Editor (E4B068ED-F494-42E9-A231-DA0B2E46BB41): 30
LogDevObjectVersion:   Dev-Framework (CFFC743F-43B0-4480-9391-14DF171D2073): 35
LogDevObjectVersion:   Dev-Mobile (B02B49B5-BB20-44E9-A304-32B752E40360): 2
LogDevObjectVersion:   Dev-Networking (A4E4105C-59A1-49B5-A7C5-40C4547EDFEE): 0
LogDevObjectVersion:   Dev-Online (39C831C9-5AE6-47DC-9A44-9C173E1C8E7C): 0
LogDevObjectVersion:   Dev-Physics (78F01B33-EBEA-4F98-B9B4-84EACCB95AA2): 0
LogDevObjectVersion:   Dev-Platform (6631380F-2D4D-43E0-8009-CF276956A95A): 0
LogDevObjectVersion:   Dev-Rendering (12F88B9F-8875-4AFC-A67C-D90C383ABD29): 28
LogDevObjectVersion:   Dev-Sequencer (7B5AE74C-D270-4C10-A958-57980B212A5A): 11
LogDevObjectVersion:   Dev-VR (D7296918-1DD6-4BDD-9DE2-64A83CC13884): 2
LogDevObjectVersion:   Dev-LoadTimes (C2A15278-BFE7-4AFE-6C17-90FF531DF755): 1
LogDevObjectVersion:   Private-Geometry (6EACA3D4-40EC-4CC1-B786-8BED09428FC5): 3
LogDevObjectVersion:   Dev-AnimPhys (29E575DD-E0A3-4627-9D10-D276232CDCEA): 17
LogDevObjectVersion:   Dev-Anim (AF43A65D-7FD3-4947-9873-3E8ED9C1BB05): 2
LogDevObjectVersion:   Dev-ReflectionCapture (6B266CEC-1EC7-4B8F-A30B-E4D90942FC07): 1
LogDevObjectVersion:   Dev-Automation (0DF73D61-A23F-47EA-B727-89E90C41499A): 1
LogDevObjectVersion:   FortniteMain (601D1886-AC64-4F84-AA16-D3DE0DEAC7D6): 25
LogDevObjectVersion:   Dev-Enterprise (9DFFBCD6-494F-0158-E221-12823C92A888): 6
LogDevObjectVersion:   Dev-Niagara (F2AED0AC-9AFE-416F-8664-AA7FFA26D6FC): 1
LogDevObjectVersion:   Dev-Destruction (174F1F0B-B4C6-45A5-B13F-2EE8D0FB917D): 2
LogInit: Presizing for max 16777216 objects, including 0 objects not considered by GC, pre-allocating 0 bytes for permanent pool.
LogInit: Object subsystem initialized
LogConfig: Setting CVar [[con.DebugEarlyDefault:1]]
LogConfig: Setting CVar [[r.setres:1280x720]]
[2019.12.11-03.53.14:749][  0]LogConfig: Setting CVar [[r.VSync:0]]
[2019.12.11-03.53.14:749][  0]LogConfig: Setting CVar [[r.RHICmdBypass:0]]
[2019.12.11-03.53.14:749][  0]LogConfig: Applying CVar settings from Section [/Script/Engine.RendererSettings] File [D:/Repo's/ProjectJimbo/ProjectJimbo/ProjectJimbo/Saved/Config/Windows/Engine.ini]
[2019.12.11-03.53.14:749][  0]LogConfig: Setting CVar [[r.GPUCrashDebugging:0]]
[2019.12.11-03.53.14:749][  0]LogConfig: Applying CVar settings from Section [/Script/Engine.RendererOverrideSettings] File [D:/Repo's/ProjectJimbo/ProjectJimbo/ProjectJimbo/Saved/Config/Windows/Engine.ini]
[2019.12.11-03.53.14:749][  0]LogConfig: Applying CVar settings from Section [/Script/Engine.StreamingSettings] File [D:/Repo's/ProjectJimbo/ProjectJimbo/ProjectJimbo/Saved/Config/Windows/Engine.ini]
[2019.12.11-03.53.14:749][  0]LogConfig: Setting CVar [[s.MinBulkDataSizeForAsyncLoading:131072]]
[2019.12.11-03.53.14:749][  0]LogConfig: Setting CVar [[s.AsyncLoadingThreadEnabled:0]]
[2019.12.11-03.53.14:749][  0]LogConfig: Setting CVar [[s.EventDrivenLoaderEnabled:1]]
[2019.12.11-03.53.14:749][  0]LogConfig: Setting CVar [[s.WarnIfTimeLimitExceeded:0]]
[2019.12.11-03.53.14:749][  0]LogConfig: Setting CVar [[s.TimeLimitExceededMultiplier:1.5]]
[2019.12.11-03.53.14:749][  0]LogConfig: Setting CVar [[s.TimeLimitExceededMinTime:0.005]]
[2019.12.11-03.53.14:749][  0]LogConfig: Setting CVar [[s.UseBackgroundLevelStreaming:1]]
[2019.12.11-03.53.14:749][  0]LogConfig: Setting CVar [[s.PriorityAsyncLoadingExtraTime:15.0]]
[2019.12.11-03.53.14:749][  0]LogConfig: Setting CVar [[s.LevelStreamingActorsUpdateTimeLimit:5.0]]
[2019.12.11-03.53.14:749][  0]LogConfig: Setting CVar [[s.PriorityLevelStreamingActorsUpdateExtraTime:5.0]]
[2019.12.11-03.53.14:749][  0]LogConfig: Setting CVar [[s.LevelStreamingComponentsRegistrationGranularity:10]]
[2019.12.11-03.53.14:749][  0]LogConfig: Setting CVar [[s.UnregisterComponentsTimeLimit:1.0]]
[2019.12.11-03.53.14:749][  0]LogConfig: Setting CVar [[s.LevelStreamingComponentsUnregistrationGranularity:5]]
[2019.12.11-03.53.14:749][  0]LogConfig: Applying CVar settings from Section [/Script/Engine.GarbageCollectionSettings] File [D:/Repo's/ProjectJimbo/ProjectJimbo/ProjectJimbo/Saved/Config/Windows/Engine.ini]
[2019.12.11-03.53.14:749][  0]LogConfig: Setting CVar [[gc.MaxObjectsNotConsideredByGC:1]]
[2019.12.11-03.53.14:749][  0]LogConfig: Setting CVar [[gc.SizeOfPermanentObjectPool:0]]
[2019.12.11-03.53.14:749][  0]LogConfig: Setting CVar [[gc.FlushStreamingOnGC:0]]
[2019.12.11-03.53.14:749][  0]LogConfig: Setting CVar [[gc.NumRetriesBeforeForcingGC:10]]
[2019.12.11-03.53.14:749][  0]LogConfig: Setting CVar [[gc.AllowParallelGC:1]]
[2019.12.11-03.53.14:749][  0]LogConfig: Setting CVar [[gc.TimeBetweenPurgingPendingKillObjects:61.1]]
[2019.12.11-03.53.14:749][  0]LogConfig: Setting CVar [[gc.MaxObjectsInEditor:16777216]]
[2019.12.11-03.53.14:749][  0]LogConfig: Setting CVar [[gc.IncrementalBeginDestroyEnabled:1]]
[2019.12.11-03.53.14:749][  0]LogConfig: Setting CVar [[gc.CreateGCClusters:1]]
[2019.12.11-03.53.14:749][  0]LogConfig: Setting CVar [[gc.MinGCClusterSize:5]]
[2019.12.11-03.53.14:749][  0]LogConfig: Setting CVar [[gc.ActorClusteringEnabled:0]]
[2019.12.11-03.53.14:749][  0]LogConfig: Setting CVar [[gc.BlueprintClusteringEnabled:0]]
[2019.12.11-03.53.14:749][  0]LogConfig: Setting CVar [[gc.UseDisregardForGCOnDedicatedServers:0]]
[2019.12.11-03.53.14:749][  0]LogConfig: Applying CVar settings from Section [/Script/Engine.NetworkSettings] File [D:/Repo's/ProjectJimbo/ProjectJimbo/ProjectJimbo/Saved/Config/Windows/Engine.ini]
[2019.12.11-03.53.14:749][  0]LogConfig: Applying CVar settings from Section [/Script/UnrealEd.CookerSettings] File [D:/Repo's/ProjectJimbo/ProjectJimbo/ProjectJimbo/Saved/Config/Windows/Engine.ini]
[2019.12.11-03.53.14:800][  0]LogConfig: Applying CVar settings from Section [ViewDistanceQuality@3] File [D:/Repo's/ProjectJimbo/ProjectJimbo/ProjectJimbo/Saved/Config/Windows/Scalability.ini]
[2019.12.11-03.53.14:800][  0]LogConfig: Setting CVar [[r.SkeletalMeshLODBias:0]]
[2019.12.11-03.53.14:800][  0]LogConfig: Setting CVar [[r.ViewDistanceScale:1.0]]
[2019.12.11-03.53.14:800][  0]LogConfig: Applying CVar settings from Section [AntiAliasingQuality@3] File [D:/Repo's/ProjectJimbo/ProjectJimbo/ProjectJimbo/Saved/Config/Windows/Scalability.ini]
[2019.12.11-03.53.14:800][  0]LogConfig: Setting CVar [[r.PostProcessAAQuality:4]]
[2019.12.11-03.53.14:800][  0]LogConfig: Applying CVar settings from Section [ShadowQuality@3] File [D:/Repo's/ProjectJimbo/ProjectJimbo/ProjectJimbo/Saved/Config/Windows/Scalability.ini]
[2019.12.11-03.53.14:800][  0]LogConfig: Setting CVar [[r.LightFunctionQuality:1]]
[2019.12.11-03.53.14:800][  0]LogConfig: Setting CVar [[r.ShadowQuality:5]]
[2019.12.11-03.53.14:800][  0]LogConfig: Setting CVar [[r.Shadow.CSM.MaxCascades:10]]
[2019.12.11-03.53.14:800][  0]LogConfig: Setting CVar [[r.Shadow.MaxResolution:2048]]
[2019.12.11-03.53.14:800][  0]LogConfig: Setting CVar [[r.Shadow.MaxCSMResolution:2048]]
[2019.12.11-03.53.14:800][  0]LogConfig: Setting CVar [[r.Shadow.RadiusThreshold:0.01]]
[2019.12.11-03.53.14:800][  0]LogConfig: Setting CVar [[r.Shadow.DistanceScale:1.0]]
[2019.12.11-03.53.14:800][  0]LogConfig: Setting CVar [[r.Shadow.CSM.TransitionScale:1.0]]
[2019.12.11-03.53.14:800][  0]LogConfig: Setting CVar [[r.Shadow.PreShadowResolutionFactor:1.0]]
[2019.12.11-03.53.14:800][  0]LogConfig: Setting CVar [[r.DistanceFieldShadowing:1]]
[2019.12.11-03.53.14:800][  0]LogConfig: Setting CVar [[r.DistanceFieldAO:1]]
[2019.12.11-03.53.14:800][  0]LogConfig: Setting CVar [[r.AOQuality:2]]
[2019.12.11-03.53.14:800][  0]LogConfig: Setting CVar [[r.VolumetricFog:1]]
[2019.12.11-03.53.14:800][  0]LogConfig: Setting CVar [[r.VolumetricFog.GridPixelSize:8]]
[2019.12.11-03.53.14:800][  0]LogConfig: Setting CVar [[r.VolumetricFog.GridSizeZ:128]]
[2019.12.11-03.53.14:800][  0]LogConfig: Setting CVar [[r.VolumetricFog.HistoryMissSupersampleCount:4]]
[2019.12.11-03.53.14:800][  0]LogConfig: Setting CVar [[r.LightMaxDrawDistanceScale:1]]
[2019.12.11-03.53.14:800][  0]LogConfig: Setting CVar [[r.CapsuleShadows:1]]
[2019.12.11-03.53.14:800][  0]LogConfig: Applying CVar settings from Section [PostProcessQuality@3] File [D:/Repo's/ProjectJimbo/ProjectJimbo/ProjectJimbo/Saved/Config/Windows/Scalability.ini]
[2019.12.11-03.53.14:800][  0]LogConfig: Setting CVar [[r.MotionBlurQuality:4]]
[2019.12.11-03.53.14:800][  0]LogConfig: Setting CVar [[r.AmbientOcclusionMipLevelFactor:0.4]]
[2019.12.11-03.53.14:800][  0]LogConfig: Setting CVar [[r.AmbientOcclusionMaxQuality:100]]
[2019.12.11-03.53.14:800][  0]LogConfig: Setting CVar [[r.AmbientOcclusionLevels:-1]]
[2019.12.11-03.53.14:800][  0]LogConfig: Setting CVar [[r.AmbientOcclusionRadiusScale:1.0]]
[2019.12.11-03.53.14:800][  0]LogConfig: Setting CVar [[r.DepthOfFieldQuality:2]]
[2019.12.11-03.53.14:800][  0]LogConfig: Setting CVar [[r.RenderTargetPoolMin:400]]
[2019.12.11-03.53.14:800][  0]LogConfig: Setting CVar [[r.LensFlareQuality:2]]
[2019.12.11-03.53.14:800][  0]LogConfig: Setting CVar [[r.SceneColorFringeQuality:1]]
[2019.12.11-03.53.14:800][  0]LogConfig: Setting CVar [[r.EyeAdaptationQuality:2]]
[2019.12.11-03.53.14:800][  0]LogConfig: Setting CVar [[r.BloomQuality:5]]
[2019.12.11-03.53.14:800][  0]LogConfig: Setting CVar [[r.FastBlurThreshold:100]]
[2019.12.11-03.53.14:800][  0]LogConfig: Setting CVar [[r.Upscale.Quality:3]]
[2019.12.11-03.53.14:800][  0]LogConfig: Setting CVar [[r.Tonemapper.GrainQuantization:1]]
[2019.12.11-03.53.14:800][  0]LogConfig: Setting CVar [[r.LightShaftQuality:1]]
[2019.12.11-03.53.14:801][  0]LogConfig: Setting CVar [[r.Filter.SizeScale:1]]
[2019.12.11-03.53.14:801][  0]LogConfig: Setting CVar [[r.Tonemapper.Quality:5]]
[2019.12.11-03.53.14:801][  0]LogConfig: Setting CVar [[r.DOF.Gather.AccumulatorQuality:1        ; higher gathering accumulator quality]]
[2019.12.11-03.53.14:801][  0]LogConfig: Setting CVar [[r.DOF.Gather.PostfilterMethod:1          ; Median3x3 postfilering method]]
[2019.12.11-03.53.14:801][  0]LogConfig: Setting CVar [[r.DOF.Gather.EnableBokehSettings:0       ; no bokeh simulation when gathering]]
[2019.12.11-03.53.14:801][  0]LogConfig: Setting CVar [[r.DOF.Gather.RingCount:4                 ; medium number of samples when gathering]]
[2019.12.11-03.53.14:801][  0]LogConfig: Setting CVar [[r.DOF.Scatter.ForegroundCompositing:1    ; additive foreground scattering]]
[2019.12.11-03.53.14:801][  0]LogConfig: Setting CVar [[r.DOF.Scatter.BackgroundCompositing:2    ; additive background scattering]]
[2019.12.11-03.53.14:801][  0]LogConfig: Setting CVar [[r.DOF.Scatter.EnableBokehSettings:1      ; bokeh simulation when scattering]]
[2019.12.11-03.53.14:801][  0]LogConfig: Setting CVar [[r.DOF.Scatter.MaxSpriteRatio:0.1         ; only a maximum of 10% of scattered bokeh]]
[2019.12.11-03.53.14:801][  0]LogConfig: Setting CVar [[r.DOF.Recombine.Quality:1                ; cheap slight out of focus]]
[2019.12.11-03.53.14:801][  0]LogConfig: Setting CVar [[r.DOF.Recombine.EnableBokehSettings:0    ; no bokeh simulation on slight out of focus]]
[2019.12.11-03.53.14:801][  0]LogConfig: Setting CVar [[r.DOF.TemporalAAQuality:1                ; more stable temporal accumulation]]
[2019.12.11-03.53.14:801][  0]LogConfig: Setting CVar [[r.DOF.Kernel.MaxForegroundRadius:0.025]]
[2019.12.11-03.53.14:801][  0]LogConfig: Setting CVar [[r.DOF.Kernel.MaxBackgroundRadius:0.025]]
[2019.12.11-03.53.14:801][  0]LogConfig: Applying CVar settings from Section [TextureQuality@3] File [D:/Repo's/ProjectJimbo/ProjectJimbo/ProjectJimbo/Saved/Config/Windows/Scalability.ini]
[2019.12.11-03.53.14:801][  0]LogConfig: Setting CVar [[r.Streaming.MipBias:0]]
[2019.12.11-03.53.14:801][  0]LogConfig: Setting CVar [[r.Streaming.AmortizeCPUToGPUCopy:0]]
[2019.12.11-03.53.14:801][  0]LogConfig: Setting CVar [[r.Streaming.MaxNumTexturesToStreamPerFrame:0]]
[2019.12.11-03.53.14:801][  0]LogConfig: Setting CVar [[r.Streaming.Boost:1]]
[2019.12.11-03.53.14:801][  0]LogConfig: Setting CVar [[r.MaxAnisotropy:8]]
[2019.12.11-03.53.14:801][  0]LogConfig: Setting CVar [[r.Streaming.LimitPoolSizeToVRAM:0]]
[2019.12.11-03.53.14:801][  0]LogConfig: Setting CVar [[r.Streaming.PoolSize:1000]]
[2019.12.11-03.53.14:801][  0]LogConfig: Setting CVar [[r.Streaming.MaxEffectiveScreenSize:0]]
[2019.12.11-03.53.14:801][  0]LogConfig: Applying CVar settings from Section [EffectsQuality@3] File [D:/Repo's/ProjectJimbo/ProjectJimbo/ProjectJimbo/Saved/Config/Windows/Scalability.ini]
[2019.12.11-03.53.14:801][  0]LogConfig: Setting CVar [[r.TranslucencyLightingVolumeDim:64]]
[2019.12.11-03.53.14:801][  0]LogConfig: Setting CVar [[r.RefractionQuality:2]]
[2019.12.11-03.53.14:801][  0]LogConfig: Setting CVar [[r.SSR.Quality:3]]
[2019.12.11-03.53.14:801][  0]LogConfig: Setting CVar [[r.SceneColorFormat:4]]
[2019.12.11-03.53.14:801][  0]LogConfig: Setting CVar [[r.DetailMode:2]]
[2019.12.11-03.53.14:801][  0]LogConfig: Setting CVar [[r.TranslucencyVolumeBlur:1]]
[2019.12.11-03.53.14:801][  0]LogConfig: Setting CVar [[r.MaterialQualityLevel:1 ; High quality]]
[2019.12.11-03.53.14:801][  0]LogConfig: Setting CVar [[r.SSS.Scale:1]]
[2019.12.11-03.53.14:801][  0]LogConfig: Setting CVar [[r.SSS.SampleSet:2]]
[2019.12.11-03.53.14:801][  0]LogConfig: Setting CVar [[r.SSS.Quality:1]]
[2019.12.11-03.53.14:801][  0]LogConfig: Setting CVar [[r.SSS.HalfRes:1]]
[2019.12.11-03.53.14:801][  0]LogConfig: Setting CVar [[r.EmitterSpawnRateScale:1.0]]
[2019.12.11-03.53.14:801][  0]LogConfig: Setting CVar [[r.ParticleLightQuality:2]]
[2019.12.11-03.53.14:801][  0]LogConfig: Applying CVar settings from Section [FoliageQuality@3] File [D:/Repo's/ProjectJimbo/ProjectJimbo/ProjectJimbo/Saved/Config/Windows/Scalability.ini]
[2019.12.11-03.53.14:801][  0]LogConfig: Setting CVar [[foliage.DensityScale:1.0]]
[2019.12.11-03.53.14:801][  0]LogConfig: Setting CVar [[grass.DensityScale:1.0]]
[2019.12.11-03.53.14:813][  0]LogInit: Selected Device Profile: [Windows]
[2019.12.11-03.53.14:813][  0]LogInit: Applying CVar settings loaded from the selected device profile: [Windows]
[2019.12.11-03.53.14:846][  0]LogHAL: Display: Platform has ~ 16 GB [17023537152 / 17179869184 / 16], which maps to Larger [LargestMinGB=32, LargerMinGB=12, DefaultMinGB=8, SmallerMinGB=6, SmallestMinGB=0)
[2019.12.11-03.53.14:852][  0]LogConfig: Setting CVar [[r.Vulkan.UseRealUBs:0		; Required until we fix HLR fall-out]]
[2019.12.11-03.53.14:852][  0]LogInit: Going up to parent DeviceProfile []
[2019.12.11-03.53.14:852][  0]LogConfig: Applying CVar settings from Section [ViewDistanceQuality@3] File [D:/Repo's/ProjectJimbo/ProjectJimbo/ProjectJimbo/Saved/Config/Windows/Scalability.ini]
[2019.12.11-03.53.14:852][  0]LogConfig: Setting CVar [[r.SkeletalMeshLODBias:0]]
[2019.12.11-03.53.14:852][  0]LogConfig: Setting CVar [[r.ViewDistanceScale:1.0]]
[2019.12.11-03.53.14:852][  0]LogConfig: Applying CVar settings from Section [AntiAliasingQuality@3] File [D:/Repo's/ProjectJimbo/ProjectJimbo/ProjectJimbo/Saved/Config/Windows/Scalability.ini]
[2019.12.11-03.53.14:852][  0]LogConfig: Setting CVar [[r.PostProcessAAQuality:4]]
[2019.12.11-03.53.14:852][  0]LogConfig: Applying CVar settings from Section [ShadowQuality@3] File [D:/Repo's/ProjectJimbo/ProjectJimbo/ProjectJimbo/Saved/Config/Windows/Scalability.ini]
[2019.12.11-03.53.14:852][  0]LogConfig: Setting CVar [[r.LightFunctionQuality:1]]
[2019.12.11-03.53.14:852][  0]LogConfig: Setting CVar [[r.ShadowQuality:5]]
[2019.12.11-03.53.14:852][  0]LogConfig: Setting CVar [[r.Shadow.CSM.MaxCascades:10]]
[2019.12.11-03.53.14:852][  0]LogConfig: Setting CVar [[r.Shadow.MaxResolution:2048]]
[2019.12.11-03.53.14:853][  0]LogConfig: Setting CVar [[r.Shadow.MaxCSMResolution:2048]]
[2019.12.11-03.53.14:853][  0]LogConfig: Setting CVar [[r.Shadow.RadiusThreshold:0.01]]
[2019.12.11-03.53.14:853][  0]LogConfig: Setting CVar [[r.Shadow.DistanceScale:1.0]]
[2019.12.11-03.53.14:853][  0]LogConfig: Setting CVar [[r.Shadow.CSM.TransitionScale:1.0]]
[2019.12.11-03.53.14:853][  0]LogConfig: Setting CVar [[r.Shadow.PreShadowResolutionFactor:1.0]]
[2019.12.11-03.53.14:853][  0]LogConfig: Setting CVar [[r.DistanceFieldShadowing:1]]
[2019.12.11-03.53.14:853][  0]LogConfig: Setting CVar [[r.DistanceFieldAO:1]]
[2019.12.11-03.53.14:853][  0]LogConfig: Setting CVar [[r.AOQuality:2]]
[2019.12.11-03.53.14:853][  0]LogConfig: Setting CVar [[r.VolumetricFog:1]]
[2019.12.11-03.53.14:853][  0]LogConfig: Setting CVar [[r.VolumetricFog.GridPixelSize:8]]
[2019.12.11-03.53.14:853][  0]LogConfig: Setting CVar [[r.VolumetricFog.GridSizeZ:128]]
[2019.12.11-03.53.14:853][  0]LogConfig: Setting CVar [[r.VolumetricFog.HistoryMissSupersampleCount:4]]
[2019.12.11-03.53.14:853][  0]LogConfig: Setting CVar [[r.LightMaxDrawDistanceScale:1]]
[2019.12.11-03.53.14:853][  0]LogConfig: Setting CVar [[r.CapsuleShadows:1]]
[2019.12.11-03.53.14:853][  0]LogConfig: Applying CVar settings from Section [PostProcessQuality@3] File [D:/Repo's/ProjectJimbo/ProjectJimbo/ProjectJimbo/Saved/Config/Windows/Scalability.ini]
[2019.12.11-03.53.14:853][  0]LogConfig: Setting CVar [[r.MotionBlurQuality:4]]
[2019.12.11-03.53.14:853][  0]LogConfig: Setting CVar [[r.AmbientOcclusionMipLevelFactor:0.4]]
[2019.12.11-03.53.14:853][  0]LogConfig: Setting CVar [[r.AmbientOcclusionMaxQuality:100]]
[2019.12.11-03.53.14:853][  0]LogConfig: Setting CVar [[r.AmbientOcclusionLevels:-1]]
[2019.12.11-03.53.14:853][  0]LogConfig: Setting CVar [[r.AmbientOcclusionRadiusScale:1.0]]
[2019.12.11-03.53.14:853][  0]LogConfig: Setting CVar [[r.DepthOfFieldQuality:2]]
[2019.12.11-03.53.14:853][  0]LogConfig: Setting CVar [[r.RenderTargetPoolMin:400]]
[2019.12.11-03.53.14:853][  0]LogConfig: Setting CVar [[r.LensFlareQuality:2]]
[2019.12.11-03.53.14:853][  0]LogConfig: Setting CVar [[r.SceneColorFringeQuality:1]]
[2019.12.11-03.53.14:853][  0]LogConfig: Setting CVar [[r.EyeAdaptationQuality:2]]
[2019.12.11-03.53.14:853][  0]LogConfig: Setting CVar [[r.BloomQuality:5]]
[2019.12.11-03.53.14:853][  0]LogConfig: Setting CVar [[r.FastBlurThreshold:100]]
[2019.12.11-03.53.14:853][  0]LogConfig: Setting CVar [[r.Upscale.Quality:3]]
[2019.12.11-03.53.14:853][  0]LogConfig: Setting CVar [[r.Tonemapper.GrainQuantization:1]]
[2019.12.11-03.53.14:853][  0]LogConfig: Setting CVar [[r.LightShaftQuality:1]]
[2019.12.11-03.53.14:853][  0]LogConfig: Setting CVar [[r.Filter.SizeScale:1]]
[2019.12.11-03.53.14:853][  0]LogConfig: Setting CVar [[r.Tonemapper.Quality:5]]
[2019.12.11-03.53.14:853][  0]LogConfig: Setting CVar [[r.DOF.Gather.AccumulatorQuality:1        ; higher gathering accumulator quality]]
[2019.12.11-03.53.14:853][  0]LogConfig: Setting CVar [[r.DOF.Gather.PostfilterMethod:1          ; Median3x3 postfilering method]]
[2019.12.11-03.53.14:853][  0]LogConfig: Setting CVar [[r.DOF.Gather.EnableBokehSettings:0       ; no bokeh simulation when gathering]]
[2019.12.11-03.53.14:853][  0]LogConfig: Setting CVar [[r.DOF.Gather.RingCount:4                 ; medium number of samples when gathering]]
[2019.12.11-03.53.14:853][  0]LogConfig: Setting CVar [[r.DOF.Scatter.ForegroundCompositing:1    ; additive foreground scattering]]
[2019.12.11-03.53.14:853][  0]LogConfig: Setting CVar [[r.DOF.Scatter.BackgroundCompositing:2    ; additive background scattering]]
[2019.12.11-03.53.14:853][  0]LogConfig: Setting CVar [[r.DOF.Scatter.EnableBokehSettings:1      ; bokeh simulation when scattering]]
[2019.12.11-03.53.14:853][  0]LogConfig: Setting CVar [[r.DOF.Scatter.MaxSpriteRatio:0.1         ; only a maximum of 10% of scattered bokeh]]
[2019.12.11-03.53.14:853][  0]LogConfig: Setting CVar [[r.DOF.Recombine.Quality:1                ; cheap slight out of focus]]
[2019.12.11-03.53.14:853][  0]LogConfig: Setting CVar [[r.DOF.Recombine.EnableBokehSettings:0    ; no bokeh simulation on slight out of focus]]
[2019.12.11-03.53.14:853][  0]LogConfig: Setting CVar [[r.DOF.TemporalAAQuality:1                ; more stable temporal accumulation]]
[2019.12.11-03.53.14:853][  0]LogConfig: Setting CVar [[r.DOF.Kernel.MaxForegroundRadius:0.025]]
[2019.12.11-03.53.14:853][  0]LogConfig: Setting CVar [[r.DOF.Kernel.MaxBackgroundRadius:0.025]]
[2019.12.11-03.53.14:853][  0]LogConfig: Applying CVar settings from Section [TextureQuality@3] File [D:/Repo's/ProjectJimbo/ProjectJimbo/ProjectJimbo/Saved/Config/Windows/Scalability.ini]
[2019.12.11-03.53.14:853][  0]LogConfig: Setting CVar [[r.Streaming.MipBias:0]]
[2019.12.11-03.53.14:853][  0]LogConfig: Setting CVar [[r.Streaming.AmortizeCPUToGPUCopy:0]]
[2019.12.11-03.53.14:853][  0]LogConfig: Setting CVar [[r.Streaming.MaxNumTexturesToStreamPerFrame:0]]
[2019.12.11-03.53.14:853][  0]LogConfig: Setting CVar [[r.Streaming.Boost:1]]
[2019.12.11-03.53.14:853][  0]LogConfig: Setting CVar [[r.MaxAnisotropy:8]]
[2019.12.11-03.53.14:853][  0]LogConfig: Setting CVar [[r.Streaming.LimitPoolSizeToVRAM:0]]
[2019.12.11-03.53.14:853][  0]LogConfig: Setting CVar [[r.Streaming.PoolSize:1000]]
[2019.12.11-03.53.14:853][  0]LogConfig: Setting CVar [[r.Streaming.MaxEffectiveScreenSize:0]]
[2019.12.11-03.53.14:853][  0]LogConfig: Applying CVar settings from Section [EffectsQuality@3] File [D:/Repo's/ProjectJimbo/ProjectJimbo/ProjectJimbo/Saved/Config/Windows/Scalability.ini]
[2019.12.11-03.53.14:853][  0]LogConfig: Setting CVar [[r.TranslucencyLightingVolumeDim:64]]
[2019.12.11-03.53.14:853][  0]LogConfig: Setting CVar [[r.RefractionQuality:2]]
[2019.12.11-03.53.14:853][  0]LogConfig: Setting CVar [[r.SSR.Quality:3]]
[2019.12.11-03.53.14:853][  0]LogConfig: Setting CVar [[r.SceneColorFormat:4]]
[2019.12.11-03.53.14:853][  0]LogConfig: Setting CVar [[r.DetailMode:2]]
[2019.12.11-03.53.14:853][  0]LogConfig: Setting CVar [[r.TranslucencyVolumeBlur:1]]
[2019.12.11-03.53.14:853][  0]LogConfig: Setting CVar [[r.MaterialQualityLevel:1 ; High quality]]
[2019.12.11-03.53.14:853][  0]LogConfig: Setting CVar [[r.SSS.Scale:1]]
[2019.12.11-03.53.14:853][  0]LogConfig: Setting CVar [[r.SSS.SampleSet:2]]
[2019.12.11-03.53.14:853][  0]LogConfig: Setting CVar [[r.SSS.Quality:1]]
[2019.12.11-03.53.14:853][  0]LogConfig: Setting CVar [[r.SSS.HalfRes:1]]
[2019.12.11-03.53.14:853][  0]LogConfig: Setting CVar [[r.EmitterSpawnRateScale:1.0]]
[2019.12.11-03.53.14:853][  0]LogConfig: Setting CVar [[r.ParticleLightQuality:2]]
[2019.12.11-03.53.14:853][  0]LogConfig: Applying CVar settings from Section [FoliageQuality@3] File [D:/Repo's/ProjectJimbo/ProjectJimbo/ProjectJimbo/Saved/Config/Windows/Scalability.ini]
[2019.12.11-03.53.14:853][  0]LogConfig: Setting CVar [[foliage.DensityScale:1.0]]
[2019.12.11-03.53.14:853][  0]LogConfig: Setting CVar [[grass.DensityScale:1.0]]
[2019.12.11-03.53.14:853][  0]LogConfig: Applying CVar settings from Section [Startup] File [../../../Engine/Config/ConsoleVariables.ini]
[2019.12.11-03.53.14:860][  0]LogConfig: Setting CVar [[net.UseAdaptiveNetUpdateFrequency:0]]
[2019.12.11-03.53.14:860][  0]LogConfig: Setting CVar [[p.chaos.AllowCreatePhysxBodies:1]]
[2019.12.11-03.53.14:860][  0]LogConfig: Applying CVar settings from Section [ConsoleVariables] File [D:/Repo's/ProjectJimbo/ProjectJimbo/ProjectJimbo/Saved/Config/Windows/Engine.ini]
[2019.12.11-03.53.14:873][  0]LogInit: Computer: DESKTOP-JL6J8DP
[2019.12.11-03.53.14:873][  0]LogInit: User: aaron
[2019.12.11-03.53.14:873][  0]LogInit: CPU Page size=4096, Cores=4
[2019.12.11-03.53.14:874][  0]LogInit: High frequency timer resolution =10.000000 MHz
[2019.12.11-03.53.14:874][  0]LogMemory: Memory total: Physical=15.9GB (16GB approx)
[2019.12.11-03.53.14:874][  0]LogMemory: Platform Memory Stats for Windows
[2019.12.11-03.53.14:874][  0]LogMemory: Process Physical Memory: 96.14 MB used, 96.14 MB peak
[2019.12.11-03.53.14:874][  0]LogMemory: Process Virtual Memory: 90.50 MB used, 90.50 MB peak
[2019.12.11-03.53.14:874][  0]LogMemory: Physical Memory: 6331.91 MB used,  9903.00 MB free, 16234.91 MB total
[2019.12.11-03.53.14:874][  0]LogMemory: Virtual Memory: 4643.82 MB used,  134213088.00 MB free, 134217728.00 MB total
[2019.12.11-03.53.15:646][  0]LogInit: Using OS detected language (en-US).
[2019.12.11-03.53.15:646][  0]LogInit: Using OS detected locale (en-NZ).
[2019.12.11-03.53.15:828][  0]LogTextLocalizationManager: No specific localization for 'en-US' exists, so the 'en' localization will be used.
[2019.12.11-03.53.16:784][  0]LogInit: Setting process to per monitor DPI aware
[2019.12.11-03.53.17:259][  0]LogSlate: New Slate User Created.  User Index 0, Is Virtual User: 0
[2019.12.11-03.53.17:259][  0]LogSlate: Slate User Registered.  User Index 0, Is Virtual User: 0
[2019.12.11-03.53.20:894][  0]LogHMD: Failed to initialize OpenVR with code 110
[2019.12.11-03.53.20:894][  0]LogD3D11RHI: D3D11 adapters:
[2019.12.11-03.53.20:965][  0]LogD3D11RHI:    0. 'NVIDIA GeForce GTX 950M' (Feature Level 11_0)
[2019.12.11-03.53.20:965][  0]LogD3D11RHI:       2010/0/8117 MB DedicatedVideo/DedicatedSystem/SharedSystem, Outputs:1, VendorId:0x10de
[2019.12.11-03.53.20:973][  0]LogD3D11RHI:    1. 'Intel(R) HD Graphics 630' (Feature Level 11_0)
[2019.12.11-03.53.20:973][  0]LogD3D11RHI:       128/0/8117 MB DedicatedVideo/DedicatedSystem/SharedSystem, Outputs:0, VendorId:0x8086
[2019.12.11-03.53.20:975][  0]LogD3D11RHI:    2. 'Microsoft Basic Render Driver' (Feature Level 11_0)
[2019.12.11-03.53.20:975][  0]LogD3D11RHI:       0/0/8117 MB DedicatedVideo/DedicatedSystem/SharedSystem, Outputs:0, VendorId:0x1414
[2019.12.11-03.53.20:975][  0]LogD3D11RHI: Chosen D3D11 Adapter: 0
[2019.12.11-03.53.22:056][  0]LogD3D11RHI: Creating new Direct3DDevice
[2019.12.11-03.53.22:056][  0]LogD3D11RHI:     GPU DeviceId: 0x139a (for the marketing name, search the web for "GPU Device Id")
[2019.12.11-03.53.22:056][  0]LogWindows: EnumDisplayDevices:
[2019.12.11-03.53.22:057][  0]LogWindows:    0. 'Intel(R) HD Graphics 630' (P:1 D:1)
[2019.12.11-03.53.22:057][  0]LogWindows:    1. 'Intel(R) HD Graphics 630' (P:0 D:0)
[2019.12.11-03.53.22:057][  0]LogWindows:    2. 'Intel(R) HD Graphics 630' (P:0 D:0)
[2019.12.11-03.53.22:057][  0]LogWindows: DebugString: PrimaryIsNotTheChoosenAdapter PrimaryIsNotTheChoosenAdapter PrimaryIsNotTheChoosenAdapter FoundDriverCount:0 
[2019.12.11-03.53.22:057][  0]LogD3D11RHI:     Adapter Name: NVIDIA GeForce GTX 950M
[2019.12.11-03.53.22:057][  0]LogD3D11RHI:   Driver Version: Unknown (internal:Unknown, unified:Unknown)
[2019.12.11-03.53.22:057][  0]LogD3D11RHI:      Driver Date: Unknown
[2019.12.11-03.53.22:057][  0]LogRHI: Texture pool is 1407 MB (70% of 2010 MB)
[2019.12.11-03.53.22:164][  0]LogD3D11RHI: Async texture creation enabled
[2019.12.11-03.53.22:311][  0]LogRendererCore: FGlobalReadBuffer::InitRHI
[2019.12.11-03.53.22:318][  0]LogRendererCore: FGlobalReadBuffer::InitRHI
[2019.12.11-03.53.22:319][  0]LogRendererCore: FGlobalReadBuffer::InitRHI
[2019.12.11-03.53.22:350][  0]LogD3D11RHI: GPU Timing Frequency: 1000.000000 (Debug: 2 1)
[2019.12.11-03.53.23:322][  0]LogTemp: Display: Module 'AllDesktopTargetPlatform' loaded TargetPlatform 'AllDesktop'
[2019.12.11-03.53.23:363][  0]LogTemp: Display: Module 'MacClientTargetPlatform' loaded TargetPlatform 'MacClient'
[2019.12.11-03.53.23:392][  0]LogTemp: Display: Module 'MacNoEditorTargetPlatform' loaded TargetPlatform 'MacNoEditor'
[2019.12.11-03.53.23:417][  0]LogTemp: Display: Module 'MacServerTargetPlatform' loaded TargetPlatform 'MacServer'
[2019.12.11-03.53.23:462][  0]LogTemp: Display: Module 'MacTargetPlatform' loaded TargetPlatform 'Mac'
[2019.12.11-03.53.23:506][  0]LogTemp: Display: Module 'WindowsClientTargetPlatform' loaded TargetPlatform 'WindowsClient'
[2019.12.11-03.53.23:537][  0]LogTemp: Display: Module 'WindowsNoEditorTargetPlatform' loaded TargetPlatform 'WindowsNoEditor'
[2019.12.11-03.53.23:581][  0]LogTemp: Display: Module 'WindowsServerTargetPlatform' loaded TargetPlatform 'WindowsServer'
[2019.12.11-03.53.23:617][  0]LogTemp: Display: Module 'WindowsTargetPlatform' loaded TargetPlatform 'Windows'
[2019.12.11-03.53.23:808][  0]LogTemp: Display: Module 'AndroidTargetPlatform' loaded TargetPlatform 'Android'
[2019.12.11-03.53.23:808][  0]LogTemp: Display: Module 'AndroidTargetPlatform' loaded TargetPlatform 'Android_ASTC'
[2019.12.11-03.53.23:808][  0]LogTemp: Display: Module 'AndroidTargetPlatform' loaded TargetPlatform 'Android_ATC'
[2019.12.11-03.53.23:808][  0]LogTemp: Display: Module 'AndroidTargetPlatform' loaded TargetPlatform 'Android_DXT'
[2019.12.11-03.53.23:808][  0]LogTemp: Display: Module 'AndroidTargetPlatform' loaded TargetPlatform 'Android_ETC1'
[2019.12.11-03.53.23:808][  0]LogTemp: Display: Module 'AndroidTargetPlatform' loaded TargetPlatform 'Android_ETC1a'
[2019.12.11-03.53.23:808][  0]LogTemp: Display: Module 'AndroidTargetPlatform' loaded TargetPlatform 'Android_ETC2'
[2019.12.11-03.53.23:808][  0]LogTemp: Display: Module 'AndroidTargetPlatform' loaded TargetPlatform 'Android_PVRTC'
[2019.12.11-03.53.23:808][  0]LogTemp: Display: Module 'AndroidTargetPlatform' loaded TargetPlatform 'AndroidClient'
[2019.12.11-03.53.23:808][  0]LogTemp: Display: Module 'AndroidTargetPlatform' loaded TargetPlatform 'Android_ASTCClient'
[2019.12.11-03.53.23:808][  0]LogTemp: Display: Module 'AndroidTargetPlatform' loaded TargetPlatform 'Android_ATCClient'
[2019.12.11-03.53.23:808][  0]LogTemp: Display: Module 'AndroidTargetPlatform' loaded TargetPlatform 'Android_DXTClient'
[2019.12.11-03.53.23:808][  0]LogTemp: Display: Module 'AndroidTargetPlatform' loaded TargetPlatform 'Android_ETC1Client'
[2019.12.11-03.53.23:808][  0]LogTemp: Display: Module 'AndroidTargetPlatform' loaded TargetPlatform 'Android_ETC1aClient'
[2019.12.11-03.53.23:808][  0]LogTemp: Display: Module 'AndroidTargetPlatform' loaded TargetPlatform 'Android_ETC2Client'
[2019.12.11-03.53.23:808][  0]LogTemp: Display: Module 'AndroidTargetPlatform' loaded TargetPlatform 'Android_PVRTCClient'
[2019.12.11-03.53.23:808][  0]LogTemp: Display: Module 'AndroidTargetPlatform' loaded TargetPlatform 'Android_Multi'
[2019.12.11-03.53.23:808][  0]LogTemp: Display: Module 'AndroidTargetPlatform' loaded TargetPlatform 'Android_MultiClient'
[2019.12.11-03.53.23:852][  0]LogTemp: Display: Module 'HTML5TargetPlatform' loaded TargetPlatform 'HTML5'
[2019.12.11-03.53.24:028][  0]LogTemp: Display: Module 'IOSTargetPlatform' loaded TargetPlatform 'IOSClient'
[2019.12.11-03.53.24:028][  0]LogTemp: Display: Module 'IOSTargetPlatform' loaded TargetPlatform 'IOS'
[2019.12.11-03.53.24:080][  0]LogTemp: Display: Module 'TVOSTargetPlatform' loaded TargetPlatform 'TVOSClient'
[2019.12.11-03.53.24:080][  0]LogTemp: Display: Module 'TVOSTargetPlatform' loaded TargetPlatform 'TVOS'
[2019.12.11-03.53.24:116][  0]LogTemp: Display: Module 'LinuxClientTargetPlatform' loaded TargetPlatform 'LinuxClient'
[2019.12.11-03.53.24:143][  0]LogTemp: Display: Module 'LinuxNoEditorTargetPlatform' loaded TargetPlatform 'LinuxNoEditor'
[2019.12.11-03.53.24:171][  0]LogTemp: Display: Module 'LinuxServerTargetPlatform' loaded TargetPlatform 'LinuxServer'
[2019.12.11-03.53.24:212][  0]LogTemp: Display: Module 'LinuxTargetPlatform' loaded TargetPlatform 'Linux'
[2019.12.11-03.53.24:297][  0]LogTemp: Display: Module 'LuminTargetPlatform' loaded TargetPlatform 'Lumin'
[2019.12.11-03.53.24:297][  0]LogTemp: Display: Module 'LuminTargetPlatform' loaded TargetPlatform 'LuminClient'
[2019.12.11-03.53.24:297][  0]LogTargetPlatformManager: Display: Building Assets For Windows
[2019.12.11-03.53.24:482][  0]LogAudioDebug: Display: Lib vorbis DLL was dynamically loaded.
[2019.12.11-03.53.25:204][  0]LogShaderCompilers: Guid format shader working directory is -17 characters bigger than the processId version (../../../../../../Repo's/ProjectJimbo/ProjectJimbo/ProjectJimbo/Intermediate/Shaders/WorkingDirectory/4248/).
[2019.12.11-03.53.25:204][  0]LogShaderCompilers: Cleaned the shader compiler working directory 'C:/Users/aaron/AppData/Local/Temp/UnrealShaderWorkingDir/52DD561040379B22B32BE5A3C1895BF1/'.
[2019.12.11-03.53.25:216][  0]LogXGEController: Cleaning working directory: C:/Users/aaron/AppData/Local/Temp/UnrealXGEWorkingDir/
[2019.12.11-03.53.25:216][  0]LogXGEController: Cannot use XGE Controller as Incredibuild is not installed on this machine.
[2019.12.11-03.53.25:216][  0]LogShaderCompilers: Cannot use XGE Shader Compiler as Incredibuild is not installed on this machine.
[2019.12.11-03.53.25:216][  0]LogShaderCompilers: Display: Using Local Shader Compiler.
[2019.12.11-03.53.29:247][  0]LogDerivedDataCache: Display: Max Cache Size: 512 MB
[2019.12.11-03.53.29:451][  0]LogDerivedDataCache: Loaded boot cache 0.20s 71MB C:/Users/aaron/AppData/Local/UnrealEngine/4.22/DerivedDataCache/Boot.ddc.
[2019.12.11-03.53.29:452][  0]LogDerivedDataCache: Display: Loaded Boot cache: C:/Users/aaron/AppData/Local/UnrealEngine/4.22/DerivedDataCache/Boot.ddc
[2019.12.11-03.53.29:452][  0]LogDerivedDataCache: FDerivedDataBackendGraph:  Pak pak cache file ../../../../../../Repo's/ProjectJimbo/ProjectJimbo/ProjectJimbo/DerivedDataCache/DDC.ddp not found, will not use a pak cache.
[2019.12.11-03.53.29:452][  0]LogDerivedDataCache: Unable to find inner node Pak for hierarchical cache Hierarchy.
[2019.12.11-03.53.29:452][  0]LogDerivedDataCache: FDerivedDataBackendGraph:  CompressedPak pak cache file ../../../../../../Repo's/ProjectJimbo/ProjectJimbo/ProjectJimbo/DerivedDataCache/Compressed.ddp not found, will not use a pak cache.
[2019.12.11-03.53.29:452][  0]LogDerivedDataCache: Unable to find inner node CompressedPak for hierarchical cache Hierarchy.
[2019.12.11-03.53.29:522][  0]LogDerivedDataCache: Display: Pak cache opened for reading ../../../Engine/DerivedDataCache/Compressed.ddp.
[2019.12.11-03.53.29:522][  0]LogDerivedDataCache: FDerivedDataBackendGraph:  EnterprisePak pak cache file ../../../Enterprise/DerivedDataCache/Compressed.ddp not found, will not use a pak cache.
[2019.12.11-03.53.29:522][  0]LogDerivedDataCache: Unable to find inner node EnterprisePak for hierarchical cache Hierarchy.
[2019.12.11-03.53.29:535][  0]LogDerivedDataCache: Using Local data cache path C:/Users/aaron/AppData/Local/UnrealEngine/Common/DerivedDataCache: Writable
[2019.12.11-03.53.29:535][  0]LogDerivedDataCache: Shared data cache path not found in *engine.ini, will not use an Shared cache.
[2019.12.11-03.53.29:535][  0]LogDerivedDataCache: Unable to find inner node Shared for hierarchical cache Hierarchy.
[2019.12.11-03.53.29:585][  0]LogMaterial: Verifying Global Shaders for PCD3D_SM5
[2019.12.11-03.53.29:667][  0]LogSlate: Using FreeType 2.6.0
[2019.12.11-03.53.29:767][  0]LogSlate: SlateFontServices - WITH_FREETYPE: 1, WITH_HARFBUZZ: 1
[2019.12.11-03.53.30:441][  0]LogAssetRegistry: FAssetRegistry took 0.0360 seconds to start up
[2019.12.11-03.53.33:017][  0]LogInit: Selected Device Profile: [Windows]
[2019.12.11-03.53.35:152][  0]LogMeshReduction: Using QuadricMeshReduction for automatic static mesh reduction
[2019.12.11-03.53.35:153][  0]LogMeshReduction: Using SimplygonMeshReduction for automatic skeletal mesh reduction
[2019.12.11-03.53.35:153][  0]LogMeshReduction: Using ProxyLODMeshReduction for automatic mesh merging
[2019.12.11-03.53.35:153][  0]LogMeshReduction: No distributed automatic mesh merging module available
[2019.12.11-03.53.35:153][  0]LogMeshMerging: No distributed automatic mesh merging module available
[2019.12.11-03.53.35:669][  0]LogNetVersion: ProjectJimbo 1.0.0, NetCL: 5660361, EngineNetVer: 10, GameNetVer: 0 (Checksum: 3753033117)
[2019.12.11-03.53.39:003][  0]LogPackageLocalizationCache: Processed 10 localized package path(s) for 1 prioritized culture(s) in 0.038514 seconds
[2019.12.11-03.53.39:019][  0]LogUObjectArray: 42205 objects as part of root set at end of initial load.
[2019.12.11-03.53.39:019][  0]LogUObjectAllocator: 7325032 out of 0 bytes used by permanent object pool.
[2019.12.11-03.53.39:019][  0]LogUObjectArray: CloseDisregardForGC: 0/0 objects in disregard for GC pool
[2019.12.11-03.53.51:201][  0]LogTcpMessaging: Initializing TcpMessaging bridge
[2019.12.11-03.53.51:245][  0]LogUdpMessaging: Initializing bridge on interface 0.0.0.0:0 to multicast group 230.0.0.1:6666.
[2019.12.11-03.53.52:032][  0]SourceControl: Source control is disabled
[2019.12.11-03.53.52:033][  0]SourceControl: Source control is disabled
[2019.12.11-03.53.52:153][  0]SourceControl: Source control is disabled
[2019.12.11-03.53.52:295][  0]SourceControl: Source control is disabled
[2019.12.11-03.53.52:393][  0]LogVSAccessor: Display: Unable to create Visual Studio setup instance: 80040154
[2019.12.11-03.53.52:393][  0]LogVSAccessor: Display: Unable to create Visual Studio setup instance: 80040154
[2019.12.11-03.53.53:907][  0]LogAndroidPermission: UAndroidPermissionCallbackProxy::GetInstance
[2019.12.11-03.53.54:528][  0]LogOcInput: OculusInput pre-init called
[2019.12.11-03.53.56:347][  0]LogEngine: Initializing Engine...
[2019.12.11-03.53.56:369][  0]LogHMD: Failed to initialize OpenVR with code 110
[2019.12.11-03.53.56:371][  0]LogStats: UGameplayTagsManager::InitializeManager -  0.001 s
[2019.12.11-03.53.56:969][  0]LogInit: Initializing FReadOnlyCVARCache
[2019.12.11-03.53.57:273][  0]LogAIModule: Creating AISystem for world Untitled
[2019.12.11-03.53.57:461][  0]LogInit: XAudio2 using 'Headphones (Arctis 7 Game)' : 2 channels at 48 kHz using 16 bits per sample (channel mask 0x3)
[2019.12.11-03.53.57:519][  0]LogInit: FAudioDevice initialized.
[2019.12.11-03.53.57:519][  0]LogNetVersion: Set ProjectVersion to 1.0.0.0. Version Checksum will be recalculated on next use.
[2019.12.11-03.53.57:654][  0]LogDerivedDataCache: Saved boot cache 0.13s 71MB C:/Users/aaron/AppData/Local/UnrealEngine/4.22/DerivedDataCache/Boot.ddc.
[2019.12.11-03.53.57:664][  0]LogInit: Texture streaming: Enabled
[2019.12.11-03.53.57:855][  0]LogEngineSessionManager: EngineSessionManager initialized
[2019.12.11-03.53.57:998][  0]LogInit: Transaction tracking system initialized
[2019.12.11-03.53.58:395][  0]BlueprintLog: New page: Editor Load
[2019.12.11-03.53.59:731][  0]LocalizationService: Localization service is disabled
[2019.12.11-03.54.00:593][  0]LogVSAccessor: Display: Unable to create Visual Studio setup instance: 80040154
[2019.12.11-03.54.00:594][  0]LogVSAccessor: Display: Unable to create Visual Studio setup instance: 80040154
[2019.12.11-03.54.02:240][  0]LogFileCache: Scanning file cache for directory 'D:/Repo's/ProjectJimbo/ProjectJimbo/ProjectJimbo/Content/' took 0.02s
[2019.12.11-03.54.02:240][  0]LogCook: Display: Max memory allowance for cook 16384mb min free memory 0mb
[2019.12.11-03.54.02:240][  0]LogCook: Display: Mobile HDR setting 1
[2019.12.11-03.54.07:051][  0]SourceControl: Source control is disabled
[2019.12.11-03.54.07:071][  0]Cmd: MAP LOAD FILE="../../../../../../Repo's/ProjectJimbo/ProjectJimbo/ProjectJimbo/Content/RollingBP/Maps/RollingBPExampleMap.umap" TEMPLATE=0 SHOWPROGRESS=1 FEATURELEVEL=3
[2019.12.11-03.54.07:187][  0]LightingResults: New page: Lighting Build
[2019.12.11-03.54.07:333][  0]MapCheck: New page: Map Check
[2019.12.11-03.54.07:333][  0]LightingResults: New page: Lighting Build
[2019.12.11-03.54.07:619][  0]LogUObjectHash: Compacting FUObjectHashTables data took   1.75ms
[2019.12.11-03.54.09:042][  0]LogAIModule: Creating AISystem for world RollingBPExampleMap
[2019.12.11-03.54.09:450][  0]LogEditorServer: Finished looking for orphan Actors (0.000 secs)
[2019.12.11-03.54.09:518][  0]LogUObjectHash: Compacting FUObjectHashTables data took   2.03ms
[2019.12.11-03.54.09:518][  0]Cmd: MAP CHECKDEP NOCLEARLOG
[2019.12.11-03.54.09:518][  0]MapCheck: Map check complete: 0 Error(s), 0 Warning(s), took 0.096ms to complete.
[2019.12.11-03.54.09:518][  0]LogFileHelpers: Loading map 'RollingBPExampleMap' took 2.454
[2019.12.11-03.54.10:539][  0]LogSlate: Updating window title bar state: overlay mode, drag disabled, window buttons hidden, title bar hidden
[2019.12.11-03.54.10:549][  0]LogSlate: Updating window title bar state: overlay mode, drag disabled, window buttons hidden, title bar hidden
[2019.12.11-03.54.10:557][  0]LogSlate: Updating window title bar state: overlay mode, drag disabled, window buttons hidden, title bar hidden
[2019.12.11-03.54.10:564][  0]LogSlate: Updating window title bar state: overlay mode, drag disabled, window buttons hidden, title bar hidden
[2019.12.11-03.54.10:603][  0]LogCollectionManager: Loaded 0 collections in 0.000819 seconds
[2019.12.11-03.54.10:734][  0]LogFileCache: Scanning file cache for directory 'D:/Repo's/ProjectJimbo/ProjectJimbo/ProjectJimbo/Saved/Collections/' took 0.01s
[2019.12.11-03.54.10:734][  0]LogFileCache: Scanning file cache for directory 'D:/Repo's/ProjectJimbo/ProjectJimbo/ProjectJimbo/Content/Developers/aaron/Collections/' took 0.00s
[2019.12.11-03.54.10:734][  0]LogFileCache: Scanning file cache for directory 'D:/Repo's/ProjectJimbo/ProjectJimbo/ProjectJimbo/Content/Collections/' took 0.00s
[2019.12.11-03.54.10:734][  0]LogCollectionManager: Rebuilt the GUID cache for 0 collections in 0.000000 seconds
[2019.12.11-03.54.10:744][  0]LogContentBrowser: Native class hierarchy populated in 0.0093 seconds. Added 2732 classes and 659 folders.
[2019.12.11-03.54.10:794][  0]LogContentBrowser: Native class hierarchy updated for 'WidgetCarousel' in 0.0002 seconds. Added 0 classes and 0 folders.
[2019.12.11-03.54.10:851][  0]LogPakFile: Registered encryption key '00000000000000000000000000000000': 0 pak files mounted, 0 remain pending
[2019.12.11-03.54.10:946][  0]LogPakFile: Registered encryption key '00000000000000000000000000000000': 0 pak files mounted, 0 remain pending
[2019.12.11-03.54.10:978][  0]LogPakFile: Registered encryption key '00000000000000000000000000000000': 0 pak files mounted, 0 remain pending
[2019.12.11-03.54.11:000][  0]LogPakFile: Registered encryption key '00000000000000000000000000000000': 0 pak files mounted, 0 remain pending
[2019.12.11-03.54.11:011][  0]LogPakFile: Registered encryption key '00000000000000000000000000000000': 0 pak files mounted, 0 remain pending
[2019.12.11-03.54.11:028][  0]LogPakFile: Registered encryption key '00000000000000000000000000000000': 0 pak files mounted, 0 remain pending
[2019.12.11-03.54.11:045][  0]LogPakFile: Registered encryption key '00000000000000000000000000000000': 0 pak files mounted, 0 remain pending
[2019.12.11-03.54.11:069][  0]LogPakFile: Registered encryption key '00000000000000000000000000000000': 0 pak files mounted, 0 remain pending
[2019.12.11-03.54.11:086][  0]LogPakFile: Registered encryption key '00000000000000000000000000000000': 0 pak files mounted, 0 remain pending
[2019.12.11-03.54.11:104][  0]LogPakFile: Registered encryption key '00000000000000000000000000000000': 0 pak files mounted, 0 remain pending
[2019.12.11-03.54.11:164][  0]LogPakFile: Registered encryption key '00000000000000000000000000000000': 0 pak files mounted, 0 remain pending
[2019.12.11-03.54.11:180][  0]LogPakFile: Registered encryption key '00000000000000000000000000000000': 0 pak files mounted, 0 remain pending
[2019.12.11-03.54.11:201][  0]LogPakFile: Registered encryption key '00000000000000000000000000000000': 0 pak files mounted, 0 remain pending
[2019.12.11-03.54.11:220][  0]LogPakFile: Registered encryption key '00000000000000000000000000000000': 0 pak files mounted, 0 remain pending
[2019.12.11-03.54.11:232][  0]LogPakFile: Registered encryption key '00000000000000000000000000000000': 0 pak files mounted, 0 remain pending
[2019.12.11-03.54.11:252][  0]LogPakFile: Registered encryption key '00000000000000000000000000000000': 0 pak files mounted, 0 remain pending
[2019.12.11-03.54.11:290][  0]LogPakFile: Registered encryption key '00000000000000000000000000000000': 0 pak files mounted, 0 remain pending
[2019.12.11-03.54.11:305][  0]LogPakFile: Registered encryption key '00000000000000000000000000000000': 0 pak files mounted, 0 remain pending
[2019.12.11-03.54.11:325][  0]LogPakFile: Registered encryption key '00000000000000000000000000000000': 0 pak files mounted, 0 remain pending
[2019.12.11-03.54.11:344][  0]LogPakFile: Registered encryption key '00000000000000000000000000000000': 0 pak files mounted, 0 remain pending
[2019.12.11-03.54.11:361][  0]LogPakFile: Registered encryption key '00000000000000000000000000000000': 0 pak files mounted, 0 remain pending
[2019.12.11-03.54.11:411][  0]LogPakFile: Registered encryption key '00000000000000000000000000000000': 0 pak files mounted, 0 remain pending
[2019.12.11-03.54.11:430][  0]LogPakFile: Registered encryption key '00000000000000000000000000000000': 0 pak files mounted, 0 remain pending
[2019.12.11-03.54.11:449][  0]LogPakFile: Registered encryption key '00000000000000000000000000000000': 0 pak files mounted, 0 remain pending
[2019.12.11-03.54.11:469][  0]LogPakFile: Registered encryption key '00000000000000000000000000000000': 0 pak files mounted, 0 remain pending
[2019.12.11-03.54.11:486][  0]LogPakFile: Registered encryption key '00000000000000000000000000000000': 0 pak files mounted, 0 remain pending
[2019.12.11-03.54.12:602][  0]LogContentBrowser: Native class hierarchy updated for 'AddContentDialog' in 0.0002 seconds. Added 0 classes and 0 folders.
[2019.12.11-03.54.12:643][  0]LogContentBrowser: Native class hierarchy updated for 'SceneOutliner' in 0.0004 seconds. Added 1 classes and 2 folders.
[2019.12.11-03.54.13:152][  0]LogSlate: Took 0.019262 seconds to synchronously load lazily loaded font '../../../Engine/Content/Slate/Fonts/Roboto-Regular.ttf' (155K)
[2019.12.11-03.54.13:188][  0]LogSlate: Took 0.033008 seconds to synchronously load lazily loaded font '../../../Engine/Content/Slate/Fonts/Roboto-Bold.ttf' (160K)
[2019.12.11-03.54.13:233][  0]LogSlate: Took 0.022191 seconds to synchronously load lazily loaded font '../../../Engine/Content/Editor/Slate/Fonts/FontAwesome.ttf' (139K)
[2019.12.11-03.54.13:606][  0]LogRenderer: Reallocating scene render targets to support 1216x660 Format 10 NumSamples 1 (Frame:1).
[2019.12.11-03.54.14:068][  0]LogContentBrowser: Native class hierarchy updated for 'HierarchicalLODOutliner' in 0.0002 seconds. Added 0 classes and 0 folders.
[2019.12.11-03.54.14:068][  0]LogLoad: (Engine Initialization) Total time: 87.44 seconds
[2019.12.11-03.54.14:068][  0]LogLoad: (Engine Initialization) Total Blueprint compile time: 0.00 seconds
[2019.12.11-03.54.14:193][  0]LogAssetRegistry: Asset discovery search completed in 43.7743 seconds
[2019.12.11-03.54.14:202][  0]LogCollectionManager: Rebuilt the object cache for 0 collections in 0.000000 seconds (found 0 objects)
[2019.12.11-03.54.14:202][  0]LogCollectionManager: Fixed up redirectors for 0 collections in 0.000065 seconds (updated 0 objects)
[2019.12.11-03.54.14:290][  0]LogContentStreaming: Texture pool size now 1000 MB
[2019.12.11-03.54.14:351][  0]LogSlate: Took 0.007796 seconds to synchronously load lazily loaded font '../../../Engine/Content/Slate/Fonts/Roboto-Light.ttf' (167K)
[2019.12.11-03.54.15:430][  4]LogSlate: Took 0.000203 seconds to synchronously load lazily loaded font '../../../Engine/Content/Slate/Fonts/Roboto-Light.ttf' (167K)
[2019.12.11-03.59.18:468][925]LogSlate: FSceneViewport::OnFocusLost() reason 0
[2019.12.11-04.06.56:113][146]LogMetaData: Removing '/Game/Imports/Fence/Fence1.Fence1' ref from Metadata '/Game/RollingBP/Maps/Fence1.PackageMetaData'
[2019.12.11-04.06.56:186][146]Cmd: OBJ SAVEPACKAGE PACKAGE="/Game/Imports/Fence/Fence1" FILE="../../../../../../Repo's/ProjectJimbo/ProjectJimbo/ProjectJimbo/Content/Imports/Fence/Fence1.uasset" SILENT=true
[2019.12.11-04.06.56:258][146]LogSavePackage: Moving '../../../../../../Repo's/ProjectJimbo/ProjectJimbo/ProjectJimbo/Saved/Fence10D25A5CB449D398AD223DDB46D7A169E.tmp' to '../../../../../../Repo's/ProjectJimbo/ProjectJimbo/ProjectJimbo/Content/Imports/Fence/Fence1.uasset'
[2019.12.11-04.06.56:294][146]Cmd: OBJ SAVEPACKAGE PACKAGE="/Game/RollingBP/Maps/Fence1" FILE="../../../../../../Repo's/ProjectJimbo/ProjectJimbo/ProjectJimbo/Content/RollingBP/Maps/Fence1.uasset" SILENT=true
[2019.12.11-04.06.56:310][146]LogSavePackage: Moving '../../../../../../Repo's/ProjectJimbo/ProjectJimbo/ProjectJimbo/Saved/Fence1FA62325149A7A62C43AEFB974B529042.tmp' to '../../../../../../Repo's/ProjectJimbo/ProjectJimbo/ProjectJimbo/Content/RollingBP/Maps/Fence1.uasset'
[2019.12.11-04.06.56:371][146]Cmd: OBJ SAVEPACKAGE PACKAGE="/Game/Imports/Fence/White" FILE="../../../../../../Repo's/ProjectJimbo/ProjectJimbo/ProjectJimbo/Content/Imports/Fence/White.uasset" SILENT=true
[2019.12.11-04.06.56:386][146]LogSavePackage: Moving '../../../../../../Repo's/ProjectJimbo/ProjectJimbo/ProjectJimbo/Saved/White02F0613B47BF30A2740FE8A626853183.tmp' to '../../../../../../Repo's/ProjectJimbo/ProjectJimbo/ProjectJimbo/Content/Imports/Fence/White.uasset'
[2019.12.11-04.06.56:509][146]LogUObjectHash: Compacting FUObjectHashTables data took   1.54ms
[2019.12.11-04.06.56:539][146]LogUObjectHash: Compacting FUObjectHashTables data took   2.15ms
[2019.12.11-04.06.56:561][146]LogUObjectHash: Compacting FUObjectHashTables data took   0.58ms
[2019.12.11-04.08.27:569][741]LogSlate: Window 'About Unreal Editor' being destroyed
[2019.12.11-04.09.14:134][804]LogUnrealEdMisc: Warning: Heartbeat event firing too frequently (46.553 sec). This should never happen. Something is wrong with the timer delegate!
[2019.12.11-04.14.59:078][125]LogSlate: FSceneViewport::OnFocusLost() reason 2
[2019.12.11-04.20.42:145][240]LogAIModule: Creating AISystem for world TestingGrounds
[2019.12.11-04.20.42:211][240]LogAssetEditorManager: Opening Asset editor for World /Game/RollingBP/Maps/TestingGrounds.TestingGrounds
[2019.12.11-04.20.42:243][240]LogUObjectHash: Compacting FUObjectHashTables data took   1.62ms
[2019.12.11-04.20.42:245][240]Cmd: MAP LOAD FILE="../../../../../../Repo's/ProjectJimbo/ProjectJimbo/ProjectJimbo/Content/RollingBP/Maps/TestingGrounds.umap" TEMPLATE=0 SHOWPROGRESS=1 FEATURELEVEL=3
[2019.12.11-04.20.42:245][240]LightingResults: New page: Lighting Build
[2019.12.11-04.20.42:246][240]LoadErrors: New page: Loading map: TestingGrounds.umap
[2019.12.11-04.20.42:247][240]MapCheck: New page: Map Check
[2019.12.11-04.20.42:247][240]LightingResults: New page: Lighting Build
[2019.12.11-04.20.42:296][240]LogUObjectHash: Compacting FUObjectHashTables data took   1.81ms
[2019.12.11-04.20.42:361][240]LogEditorServer: Finished looking for orphan Actors (0.000 secs)
[2019.12.11-04.20.42:385][240]LogUObjectHash: Compacting FUObjectHashTables data took   1.86ms
[2019.12.11-04.20.42:407][240]Cmd: MAP CHECKDEP NOCLEARLOG
[2019.12.11-04.20.42:407][240]MapCheck: Map check complete: 0 Error(s), 0 Warning(s), took 0.079ms to complete.
[2019.12.11-04.20.42:407][240]LogFileHelpers: Loading map 'TestingGrounds' took 0.164
[2019.12.11-04.21.04:656][937]LogSlate: FSceneViewport::OnFocusLost() reason 2
[2019.12.11-04.30.37:016][379]LogSlate: FSceneViewport::OnFocusLost() reason 2
[2019.12.11-04.33.35:563][941]LogWindowsTextInputMethodSystem: Display: IME system now deactivated.
[2019.12.11-04.33.35:563][941]LogWindowsTextInputMethodSystem: Display: IME system now deactivated.
[2019.12.11-04.36.22:182][444]LogFactory: FactoryCreateFile: StaticMesh with FbxFactory (0 0 ../../../../../../Repo's/ProjectJimbo/ProjectJimbo/MayaModels/MapDesign/imports/Hoe.fbx)
[2019.12.11-04.36.22:386][444]LogFbx: Loading FBX Scene from ../../../../../../Repo's/ProjectJimbo/ProjectJimbo/MayaModels/MapDesign/imports/Hoe.fbx
[2019.12.11-04.36.22:400][444]LogFbx: FBX Scene Loaded Succesfully
[2019.12.11-04.36.23:752][444]LogSlate: Window 'FBX Import Options' being destroyed
[2019.12.11-04.36.23:989][444]LogMaterial: Display: Missing cached shader map for material WoodHoe, compiling. 
[2019.12.11-04.36.24:070][444]LogMaterial: Display: Missing cached shader map for material lambert1, compiling. 
[2019.12.11-04.36.24:092][444]LogMaterial: Display: Missing cached shader map for material HoeMetal, compiling. 
[2019.12.11-04.36.24:108][444]LogFbx: Display: Triangulating static mesh pCylinder1
[2019.12.11-04.36.24:141][444]LogStaticMesh: Building static mesh Hoe...
[2019.12.11-04.36.24:229][444]LogStaticMesh: Built static mesh [0.09s] /Game/Imports/Hoe.Hoe
[2019.12.11-04.36.24:286][444]FBXImport: Warning: No smoothing group information was found in this FBX scene.  Please make sure to enable the 'Export Smoothing Groups' option in the FBX Exporter plug-in before exporting the file.  Even for tools that don't support smoothing groups, the FBX Exporter will generate appropriate smoothing data at export-time so that correct vertex normals can be inferred while importing. 
[2019.12.11-04.36.24:511][445]LogUnrealEdMisc: Warning: Heartbeat event firing too frequently (21.407 sec). This should never happen. Something is wrong with the timer delegate!
[2019.12.11-04.36.27:356][581]LogSlate: Window 'Message Log' being destroyed
[2019.12.11-04.36.27:363][581]LogSlate: Window 'Message Log' being destroyed
[2019.12.11-04.36.41:584][288]LogMetaData: Removing '/Game/Imports/Hoe/Hoe.Hoe' ref from Metadata '/Game/Imports/Hoe.PackageMetaData'
[2019.12.11-04.36.41:752][288]Cmd: OBJ SAVEPACKAGE PACKAGE="/Game/Imports/Hoe/WoodHoe" FILE="../../../../../../Repo's/ProjectJimbo/ProjectJimbo/ProjectJimbo/Content/Imports/Hoe/WoodHoe.uasset" SILENT=true
[2019.12.11-04.36.41:770][288]LogSavePackage: Moving '../../../../../../Repo's/ProjectJimbo/ProjectJimbo/ProjectJimbo/Saved/WoodHoe4A6E4843435EACB18164DAA661416460.tmp' to '../../../../../../Repo's/ProjectJimbo/ProjectJimbo/ProjectJimbo/Content/Imports/Hoe/WoodHoe.uasset'
[2019.12.11-04.36.41:819][288]Cmd: OBJ SAVEPACKAGE PACKAGE="/Game/Imports/Hoe/Hoe" FILE="../../../../../../Repo's/ProjectJimbo/ProjectJimbo/ProjectJimbo/Content/Imports/Hoe/Hoe.uasset" SILENT=true
[2019.12.11-04.36.41:837][288]LogSavePackage: Moving '../../../../../../Repo's/ProjectJimbo/ProjectJimbo/ProjectJimbo/Saved/HoeC7C705EE47D65C49CF4622B29DDC8349.tmp' to '../../../../../../Repo's/ProjectJimbo/ProjectJimbo/ProjectJimbo/Content/Imports/Hoe/Hoe.uasset'
[2019.12.11-04.36.41:886][288]Cmd: OBJ SAVEPACKAGE PACKAGE="/Game/Imports/Hoe/HoeMetal" FILE="../../../../../../Repo's/ProjectJimbo/ProjectJimbo/ProjectJimbo/Content/Imports/Hoe/HoeMetal.uasset" SILENT=true
[2019.12.11-04.36.41:902][288]LogSavePackage: Moving '../../../../../../Repo's/ProjectJimbo/ProjectJimbo/ProjectJimbo/Saved/HoeMetalAD3DF6A847CCDE1EF08E0CBCE929D8CA.tmp' to '../../../../../../Repo's/ProjectJimbo/ProjectJimbo/ProjectJimbo/Content/Imports/Hoe/HoeMetal.uasset'
[2019.12.11-04.36.41:957][288]Cmd: OBJ SAVEPACKAGE PACKAGE="/Game/Imports/Hoe/lambert1" FILE="../../../../../../Repo's/ProjectJimbo/ProjectJimbo/ProjectJimbo/Content/Imports/Hoe/lambert1.uasset" SILENT=true
[2019.12.11-04.36.41:973][288]LogSavePackage: Moving '../../../../../../Repo's/ProjectJimbo/ProjectJimbo/ProjectJimbo/Saved/lambert17AFAC0494A124C0E08DC5D8BE6EAD040.tmp' to '../../../../../../Repo's/ProjectJimbo/ProjectJimbo/ProjectJimbo/Content/Imports/Hoe/lambert1.uasset'
[2019.12.11-04.36.42:241][288]LogUObjectHash: Compacting FUObjectHashTables data took   1.81ms
[2019.12.11-04.36.42:261][288]LogUObjectHash: Compacting FUObjectHashTables data took   0.56ms
[2019.12.11-04.36.42:285][288]LogUObjectHash: Compacting FUObjectHashTables data took   0.64ms
[2019.12.11-04.36.42:305][288]LogUObjectHash: Compacting FUObjectHashTables data took   0.94ms
[2019.12.11-04.36.42:336][288]LogUObjectHash: Compacting FUObjectHashTables data took   1.99ms
[2019.12.11-04.36.42:358][288]LogUObjectHash: Compacting FUObjectHashTables data took   0.56ms
[2019.12.11-04.36.44:486][397]LogAssetEditorManager: Opening Asset editor for StaticMesh /Game/Imports/Hoe/Hoe.Hoe
[2019.12.11-04.36.45:967][397]LogRenderer: Reallocating scene render targets to support 1432x920 Format 10 NumSamples 1 (Frame:1).
[2019.12.11-04.36.45:967][397]LogSlate: Took 0.022896 seconds to synchronously load lazily loaded font '../../../Engine/Content/Slate/Fonts/Roboto-Italic.ttf' (157K)
[2019.12.11-04.36.53:828][579]LogSlate: FSceneViewport::OnFocusLost() reason 2
[2019.12.11-04.36.56:699][711]LogSlate: FSceneViewport::OnFocusLost() reason 0
[2019.12.11-04.36.56:989][714]Cmd: OBJ SAVEPACKAGE PACKAGE="/Game/Imports/Hoe/Hoe" FILE="../../../../../../Repo's/ProjectJimbo/ProjectJimbo/ProjectJimbo/Content/Imports/Hoe/Hoe.uasset" SILENT=true
[2019.12.11-04.36.57:011][714]LogSavePackage: Moving '../../../../../../Repo's/ProjectJimbo/ProjectJimbo/ProjectJimbo/Saved/Hoe822803CF4A61259436862383BB22FBB1.tmp' to '../../../../../../Repo's/ProjectJimbo/ProjectJimbo/ProjectJimbo/Content/Imports/Hoe/Hoe.uasset'
[2019.12.11-04.37.02:421][826]LogSlate: FSceneViewport::OnFocusLost() reason 0
[2019.12.11-04.37.03:174][861]LogSlate: Window 'Hoe' being destroyed
[2019.12.11-04.37.09:459][131]LogSlate: FSceneViewport::OnFocusLost() reason 0
[2019.12.11-04.37.09:775][138]LogActorFactory: Actor Factory created Hoe
[2019.12.11-04.37.10:355][164]LogActorFactory: Actor Factory created Hoe
[2019.12.11-04.37.15:831][331]LogSlate: FSceneViewport::OnFocusLost() reason 0
[2019.12.11-04.37.28:569][799]Cmd: CAMERA ALIGN ACTIVEVIEWPORTONLY
[2019.12.11-04.37.47:569][604]Cmd: TRANSACTION UNDO
[2019.12.11-04.37.47:569][604]LogEditorTransaction: Undo Rotate Actors
[2019.12.11-04.37.48:638][634]Cmd: TRANSACTION UNDO
[2019.12.11-04.37.48:639][634]LogEditorTransaction: Undo Rotate Actors
[2019.12.11-04.37.56:950][978]Cmd: TRANSACTION UNDO
[2019.12.11-04.37.56:950][978]LogEditorTransaction: Undo Move Actors
[2019.12.11-04.38.02:960][220]Cmd: TRANSACTION UNDO
[2019.12.11-04.38.02:960][220]LogEditorTransaction: Undo Move Actors
[2019.12.11-04.38.08:336][438]LogSlate: FSceneViewport::OnFocusLost() reason 0
[2019.12.11-04.38.08:414][442]LogTemp: Repeating last play command: Selected Viewport
[2019.12.11-04.38.08:494][442]LogBlueprintUserMessages: Early PlayInEditor Detection: Level '/Game/RollingBP/Maps/TestingGrounds.TestingGrounds:PersistentLevel' has LevelScriptBlueprint '/Game/RollingBP/Maps/TestingGrounds.TestingGrounds:PersistentLevel.TestingGrounds' with GeneratedClass '/Game/RollingBP/Maps/TestingGrounds.TestingGrounds_C' with ClassGeneratedBy '/Game/RollingBP/Maps/TestingGrounds.TestingGrounds:PersistentLevel.TestingGrounds'
[2019.12.11-04.38.08:515][442]LogPlayLevel: PlayLevel: No blueprints needed recompiling
[2019.12.11-04.38.08:541][442]PIE: New page: PIE session: TestingGrounds (12/12/2019 6:38:08 am)
[2019.12.11-04.38.08:629][442]LogPlayLevel: Creating play world package: /Game/RollingBP/Maps/UEDPIE_0_TestingGrounds
[2019.12.11-04.38.08:642][442]LogPlayLevel: PIE: StaticDuplicateObject took: (0.013311s)
[2019.12.11-04.38.08:650][442]LogAIModule: Creating AISystem for world TestingGrounds
[2019.12.11-04.38.08:658][442]LogPlayLevel: PIE: World Init took: (0.015289s)
[2019.12.11-04.38.08:658][442]LogPlayLevel: PIE: Created PIE world by copying editor world from /Game/RollingBP/Maps/TestingGrounds.TestingGrounds to /Game/RollingBP/Maps/UEDPIE_0_TestingGrounds.TestingGrounds (0.028944s)
[2019.12.11-04.38.08:685][442]LogUObjectHash: Compacting FUObjectHashTables data took   1.84ms
[2019.12.11-04.38.08:712][442]LogInit: XAudio2 using 'Headphones (Arctis 7 Game)' : 2 channels at 48 kHz using 16 bits per sample (channel mask 0x3)
[2019.12.11-04.38.08:743][442]LogInit: FAudioDevice initialized.
[2019.12.11-04.38.08:795][442]LogLoad: Game class is 'RollingGameMode_C'
[2019.12.11-04.38.08:871][442]LogWorld: Bringing World /Game/RollingBP/Maps/UEDPIE_0_TestingGrounds.TestingGrounds up for play (max tick rate 60) at 2019.12.11-17.38.08
[2019.12.11-04.38.08:903][442]LogWorld: Bringing up level for play took: 0.034097
[2019.12.11-04.38.09:041][442]LogContentBrowser: Native class hierarchy updated for 'MovieSceneCapture' in 0.0007 seconds. Added 20 classes and 0 folders.
[2019.12.11-04.38.09:057][442]PIE: Play in editor start time for /Game/RollingBP/Maps/UEDPIE_0_TestingGrounds 0.327
[2019.12.11-04.38.09:058][442]LogBlueprintUserMessages: Late PlayInEditor Detection: Level '/Game/RollingBP/Maps/TestingGrounds.TestingGrounds:PersistentLevel' has LevelScriptBlueprint '/Game/RollingBP/Maps/TestingGrounds.TestingGrounds:PersistentLevel.TestingGrounds' with GeneratedClass '/Game/RollingBP/Maps/TestingGrounds.TestingGrounds_C' with ClassGeneratedBy '/Game/RollingBP/Maps/TestingGrounds.TestingGrounds:PersistentLevel.TestingGrounds'
[2019.12.11-04.38.28:436][574]LogBlueprintUserMessages: Early EndPlayMap Detection: Level '/Game/RollingBP/Maps/TestingGrounds.TestingGrounds:PersistentLevel' has LevelScriptBlueprint '/Game/RollingBP/Maps/TestingGrounds.TestingGrounds:PersistentLevel.TestingGrounds' with GeneratedClass '/Game/RollingBP/Maps/TestingGrounds.TestingGrounds_C' with ClassGeneratedBy '/Game/RollingBP/Maps/TestingGrounds.TestingGrounds:PersistentLevel.TestingGrounds'
[2019.12.11-04.38.28:447][574]LogSlate: Updating window title bar state: overlay mode, drag disabled, window buttons hidden, title bar hidden
[2019.12.11-04.38.28:496][574]LogPlayLevel: Display: Shutting down PIE online subsystems
[2019.12.11-04.38.28:497][574]LogBlueprintUserMessages: Late EndPlayMap Detection: Level '/Game/RollingBP/Maps/TestingGrounds.TestingGrounds:PersistentLevel' has LevelScriptBlueprint '/Game/RollingBP/Maps/TestingGrounds.TestingGrounds:PersistentLevel.TestingGrounds' with GeneratedClass '/Game/RollingBP/Maps/TestingGrounds.TestingGrounds_C' with ClassGeneratedBy '/Game/RollingBP/Maps/TestingGrounds.TestingGrounds:PersistentLevel.TestingGrounds'
[2019.12.11-04.38.28:548][574]LogSlate: Updating window title bar state: overlay mode, drag disabled, window buttons hidden, title bar hidden
[2019.12.11-04.38.28:553][574]LogUObjectHash: Compacting FUObjectHashTables data took   1.43ms
[2019.12.11-04.38.28:624][575]LogPlayLevel: Display: Destroying online subsystem :Context_4
[2019.12.11-04.42.33:287][456]LogSlate: FSceneViewport::OnFocusLost() reason 2
[2019.12.11-04.46.23:648][277]LogUObjectHash: Compacting FUObjectHashTables data took   0.74ms
[2019.12.11-04.46.24:286][277]LogSavePackage: Moving '../../../../../../Repo's/ProjectJimbo/ProjectJimbo/ProjectJimbo/Saved/TestingGrounds_Auto173CAA5B54F0EC3F3C8DBC68614B8810C.tmp' to '../../../../../../Repo's/ProjectJimbo/ProjectJimbo/ProjectJimbo/Saved/Autosaves/Game/RollingBP/Maps/TestingGrounds_Auto1.umap'
[2019.12.11-04.46.24:293][277]LogFileHelpers: Editor autosave (incl. sublevels) for '/Game/RollingBP/Maps/TestingGrounds' took 0.667
[2019.12.11-04.46.24:293][277]LogFileHelpers: Editor autosave (incl. sublevels) for all levels took 0.667
[2019.12.11-05.06.12:950][589]LogUnrealEdMisc: Warning: Heartbeat event firing too frequently (50.712 sec). This should never happen. Something is wrong with the timer delegate!
[2019.12.11-05.14.22:046][954]LogUnrealEdMisc: Warning: Heartbeat event firing too frequently (44.971 sec). This should never happen. Something is wrong with the timer delegate!
[2019.12.11-05.16.28:142][663]LogSlate: FSceneViewport::OnFocusLost() reason 2
